
Feb 20, 2018 10:19:20.06 NEW SESSION
Feb 20, 2018 10:19:20.06 [772:11004:0220/101920.067:ERROR:gcm_channel_status_request.cc(127)] GCM channel request failed.
Feb 20, 2018 10:19:44.52 [772:11004:0220/101944.523:ERROR:gcm_channel_status_request.cc(127)] GCM channel request failed.
Feb 20, 2018 10:20:26.16 [772:11004:0220/102026.168:ERROR:gcm_channel_status_request.cc(127)] GCM channel request failed.

Feb 20, 2018 10:57:11.97 NEW SESSION
Feb 20, 2018 10:57:11.97 [13080:32:0220/105711.972:ERROR:gcm_channel_status_request.cc(127)] GCM channel request failed.
Feb 20, 2018 10:57:39.53 [13080:32:0220/105739.532:ERROR:gcm_channel_status_request.cc(127)] GCM channel request failed.
Feb 20, 2018 10:58:24.23 [13080:32:0220/105824.237:ERROR:gcm_channel_status_request.cc(127)] GCM channel request failed.
Feb 20, 2018 11:00:05.87 [13080:32:0220/110005.876:ERROR:gcm_channel_status_request.cc(127)] GCM channel request failed.
Feb 20, 2018 11:03:15.93 [13080:32:0220/110315.936:ERROR:gcm_channel_status_request.cc(127)] GCM channel request failed.
Feb 20, 2018 11:08:41.75 [13080:32:0220/110841.755:ERROR:gcm_channel_status_request.cc(127)] GCM channel request failed.
Feb 20, 2018 11:18:41.77 [13080:32:0220/111841.775:ERROR:gcm_channel_status_request.cc(127)] GCM channel request failed.
Feb 20, 2018 11:28:41.78 [13080:32:0220/112841.781:ERROR:gcm_channel_status_request.cc(127)] GCM channel request failed.
Feb 20, 2018 14:45:26.79 [7348:11492:0220/144526.799:ERROR:gcm_channel_status_request.cc(127)] GCM channel request failed.
Feb 20, 2018 16:17:57.84 [7348:11492:0220/161757.846:ERROR:gcm_channel_status_request.cc(127)] GCM channel request failed.

Mar 06, 2018 11:42:51.61 NEW SESSION
Mar 06, 2018 11:42:51.61 [8932:9176:0306/114251.568:ERROR:page_load_metrics_update_dispatcher.cc(208)] Invalid first_meaningful_paint (unset) for time_to_interactive 62.055 s
Mar 06, 2018 11:43:26.33 [8932:9176:0306/114326.331:ERROR:page_load_metrics_update_dispatcher.cc(208)] Invalid first_meaningful_paint (unset) for time_to_interactive 62.055 s
Mar 06, 2018 11:44:05.62 [8932:2240:0306/114405.620:ERROR:ssl_client_socket_impl.cc(1040)] handshake failed; returned -1, SSL error code 1, net_error -101
Mar 06, 2018 11:48:19.98 [8932:2240:0306/114819.983:ERROR:ssl_client_socket_impl.cc(1040)] handshake failed; returned -1, SSL error code 1, net_error -100
Mar 06, 2018 12:09:18.26 [8932:9176:0306/120918.262:ERROR:page_load_metrics_update_dispatcher.cc(208)] Invalid first_meaningful_paint (unset) for time_to_interactive 62.055 s
Mar 06, 2018 12:09:29.49 [8932:9176:0306/120929.499:ERROR:page_load_metrics_update_dispatcher.cc(208)] Invalid first_meaningful_paint (unset) for time_to_interactive 62.055 s

Mar 08, 2018 11:29:34.05 NEW SESSION
Mar 08, 2018 11:29:34.05 [6724:11684:0308/112934.059:ERROR:gcm_channel_status_request.cc(127)] GCM channel request failed.
Mar 08, 2018 11:29:57.85 [6724:11684:0308/112957.854:ERROR:gcm_channel_status_request.cc(127)] GCM channel request failed.
Mar 08, 2018 11:30:41.19 [6724:11684:0308/113041.191:ERROR:gcm_channel_status_request.cc(127)] GCM channel request failed.

Mar 09, 2018 10:32:19.75 NEW SESSION
Mar 09, 2018 10:32:19.75 [8364:8820:0309/103219.752:ERROR:gcm_channel_status_request.cc(127)] GCM channel request failed.
Mar 09, 2018 10:32:47.96 [8364:8820:0309/103247.967:ERROR:gcm_channel_status_request.cc(127)] GCM channel request failed.
Mar 09, 2018 10:33:41.69 [8364:8820:0309/103341.693:ERROR:gcm_channel_status_request.cc(127)] GCM channel request failed.
Mar 09, 2018 10:35:27.39 [8364:8820:0309/103527.393:ERROR:gcm_channel_status_request.cc(127)] GCM channel request failed.
Mar 09, 2018 10:39:24.64 [8364:8820:0309/103924.639:ERROR:gcm_channel_status_request.cc(127)] GCM channel request failed.
Mar 09, 2018 10:45:09.33 [8364:8820:0309/104509.336:ERROR:gcm_channel_status_request.cc(127)] GCM channel request failed.
Mar 09, 2018 10:55:09.34 [8364:8820:0309/105509.340:ERROR:gcm_channel_status_request.cc(127)] GCM channel request failed.
