
Feb 04, 2018 11:04:00.69 NEW SESSION
Feb 04, 2018 11:04:00.69 [2276:11116:0204/110400.691:ERROR:process_metrics.cc(105)] NOT IMPLEMENTED
Feb 04, 2018 11:04:00.70 [2276:11116:0204/110400.691:ERROR:process_metrics.cc(105)] NOT IMPLEMENTED
Feb 04, 2018 11:04:00.72 [2276:11116:0204/110400.691:ERROR:process_metrics.cc(105)] NOT IMPLEMENTED
Feb 04, 2018 11:06:00.69 [2276:11116:0204/110600.693:ERROR:process_metrics.cc(105)] NOT IMPLEMENTED
Feb 04, 2018 11:06:00.70 [2276:11116:0204/110600.693:ERROR:process_metrics.cc(105)] NOT IMPLEMENTED
Feb 04, 2018 11:06:00.72 [2276:11116:0204/110600.693:ERROR:process_metrics.cc(105)] NOT IMPLEMENTED
Feb 04, 2018 11:06:00.73 [2276:11116:0204/110600.693:ERROR:process_metrics.cc(105)] NOT IMPLEMENTED
Feb 04, 2018 11:08:00.69 [2276:11116:0204/110800.694:ERROR:process_metrics.cc(105)] NOT IMPLEMENTED
Feb 04, 2018 11:08:00.70 [2276:11116:0204/110800.694:ERROR:process_metrics.cc(105)] NOT IMPLEMENTED
Feb 04, 2018 11:08:00.72 [2276:11116:0204/110800.694:ERROR:process_metrics.cc(105)] NOT IMPLEMENTED
Feb 04, 2018 11:08:00.73 [2276:11116:0204/110800.694:ERROR:process_metrics.cc(105)] NOT IMPLEMENTED
Feb 04, 2018 11:10:00.69 [2276:11116:0204/111000.695:ERROR:process_metrics.cc(105)] NOT IMPLEMENTED
Feb 04, 2018 11:10:00.70 [2276:11116:0204/111000.695:ERROR:process_metrics.cc(105)] NOT IMPLEMENTED
Feb 04, 2018 11:10:00.70 [2276:11116:0204/111000.695:ERROR:process_metrics.cc(105)] NOT IMPLEMENTED
Feb 04, 2018 11:10:00.71 [2276:11116:0204/111000.695:ERROR:process_metrics.cc(105)] NOT IMPLEMENTED
Feb 04, 2018 11:10:00.72 [2276:11116:0204/111000.695:ERROR:process_metrics.cc(105)] NOT IMPLEMENTED
Feb 04, 2018 11:10:00.72 [2276:11116:0204/111000.695:ERROR:process_metrics.cc(105)] NOT IMPLEMENTED
Feb 04, 2018 11:12:00.69 [2276:11116:0204/111200.696:ERROR:process_metrics.cc(105)] NOT IMPLEMENTED
Feb 04, 2018 11:12:00.70 [2276:11116:0204/111200.696:ERROR:process_metrics.cc(105)] NOT IMPLEMENTED
Feb 04, 2018 11:12:00.72 [2276:11116:0204/111200.696:ERROR:process_metrics.cc(105)] NOT IMPLEMENTED
Feb 04, 2018 11:12:00.73 [2276:11116:0204/111200.696:ERROR:process_metrics.cc(105)] NOT IMPLEMENTED
Feb 04, 2018 11:12:00.74 [2276:11116:0204/111200.696:ERROR:process_metrics.cc(105)] NOT IMPLEMENTED
Feb 04, 2018 11:12:00.75 [2276:11116:0204/111200.696:ERROR:process_metrics.cc(105)] NOT IMPLEMENTED
Feb 04, 2018 11:12:23.25 [2276:11116:0204/111223.256:ERROR:service_manager.cc(157)] Connection InterfaceProviderSpec prevented service: content_renderer from binding interface: blink::mojom::ReportingServiceProxy exposed by: content_browser
Feb 04, 2018 11:14:00.69 [2276:11116:0204/111400.697:ERROR:process_metrics.cc(105)] NOT IMPLEMENTED
Feb 04, 2018 11:14:00.71 [2276:11116:0204/111400.697:ERROR:process_metrics.cc(105)] NOT IMPLEMENTED
Feb 04, 2018 11:14:00.72 [2276:11116:0204/111400.697:ERROR:process_metrics.cc(105)] NOT IMPLEMENTED
Feb 04, 2018 11:14:00.73 [2276:11116:0204/111400.699:ERROR:process_metrics.cc(105)] NOT IMPLEMENTED
Feb 04, 2018 11:14:00.75 [2276:11116:0204/111400.699:ERROR:process_metrics.cc(105)] NOT IMPLEMENTED
Feb 04, 2018 11:16:00.70 [2276:11116:0204/111600.700:ERROR:process_metrics.cc(105)] NOT IMPLEMENTED
Feb 04, 2018 11:16:00.70 [2276:11116:0204/111600.700:ERROR:process_metrics.cc(105)] NOT IMPLEMENTED
Feb 04, 2018 11:16:00.71 [2276:11116:0204/111600.700:ERROR:process_metrics.cc(105)] NOT IMPLEMENTED
Feb 04, 2018 11:16:00.71 [2276:11116:0204/111600.700:ERROR:process_metrics.cc(105)] NOT IMPLEMENTED
Feb 04, 2018 11:16:00.72 [2276:11116:0204/111600.700:ERROR:process_metrics.cc(105)] NOT IMPLEMENTED
Feb 04, 2018 11:16:00.73 [2276:11116:0204/111600.700:ERROR:process_metrics.cc(105)] NOT IMPLEMENTED
Feb 04, 2018 11:18:00.70 [2276:11116:0204/111800.702:ERROR:process_metrics.cc(105)] NOT IMPLEMENTED
Feb 04, 2018 11:18:00.71 [2276:11116:0204/111800.702:ERROR:process_metrics.cc(105)] NOT IMPLEMENTED
Feb 04, 2018 11:18:00.72 [2276:11116:0204/111800.702:ERROR:process_metrics.cc(105)] NOT IMPLEMENTED
Feb 04, 2018 11:18:00.74 [2276:11116:0204/111800.702:ERROR:process_metrics.cc(105)] NOT IMPLEMENTED
Feb 04, 2018 11:18:00.75 [2276:11116:0204/111800.702:ERROR:process_metrics.cc(105)] NOT IMPLEMENTED
Feb 04, 2018 11:18:00.76 [2276:11116:0204/111800.702:ERROR:process_metrics.cc(105)] NOT IMPLEMENTED
Feb 04, 2018 11:20:00.70 [2276:11116:0204/112000.705:ERROR:process_metrics.cc(105)] NOT IMPLEMENTED
Feb 04, 2018 11:20:00.71 [2276:11116:0204/112000.705:ERROR:process_metrics.cc(105)] NOT IMPLEMENTED
Feb 04, 2018 11:20:00.73 [2276:11116:0204/112000.705:ERROR:process_metrics.cc(105)] NOT IMPLEMENTED
Feb 04, 2018 11:20:00.74 [2276:11116:0204/112000.705:ERROR:process_metrics.cc(105)] NOT IMPLEMENTED
Feb 04, 2018 11:20:00.76 [2276:11116:0204/112000.705:ERROR:process_metrics.cc(105)] NOT IMPLEMENTED
Feb 04, 2018 11:20:00.77 [2276:11116:0204/112000.705:ERROR:process_metrics.cc(105)] NOT IMPLEMENTED
Feb 04, 2018 11:22:00.70 [2276:11116:0204/112200.707:ERROR:process_metrics.cc(105)] NOT IMPLEMENTED
Feb 04, 2018 11:22:00.72 [2276:11116:0204/112200.708:ERROR:process_metrics.cc(105)] NOT IMPLEMENTED
Feb 04, 2018 11:22:00.73 [2276:11116:0204/112200.708:ERROR:process_metrics.cc(105)] NOT IMPLEMENTED
Feb 04, 2018 11:22:00.74 [2276:11116:0204/112200.708:ERROR:process_metrics.cc(105)] NOT IMPLEMENTED
Feb 04, 2018 11:22:00.75 [2276:11116:0204/112200.708:ERROR:process_metrics.cc(105)] NOT IMPLEMENTED
Feb 04, 2018 11:22:00.76 [2276:11116:0204/112200.708:ERROR:process_metrics.cc(105)] NOT IMPLEMENTED
Feb 04, 2018 11:24:00.72 [2276:11116:0204/112400.723:ERROR:process_metrics.cc(105)] NOT IMPLEMENTED
Feb 04, 2018 11:24:00.72 [2276:11116:0204/112400.723:ERROR:process_metrics.cc(105)] NOT IMPLEMENTED
Feb 04, 2018 11:24:00.73 [2276:11116:0204/112400.723:ERROR:process_metrics.cc(105)] NOT IMPLEMENTED
Feb 04, 2018 11:24:00.76 [2276:11116:0204/112400.723:ERROR:process_metrics.cc(105)] NOT IMPLEMENTED
Feb 04, 2018 11:24:00.76 [2276:11116:0204/112400.723:ERROR:process_metrics.cc(105)] NOT IMPLEMENTED
Feb 04, 2018 11:24:00.77 [2276:11116:0204/112400.723:ERROR:process_metrics.cc(105)] NOT IMPLEMENTED
Feb 04, 2018 11:24:00.79 [2276:11116:0204/112400.723:ERROR:process_metrics.cc(105)] NOT IMPLEMENTED
Feb 04, 2018 11:26:00.72 [2276:11116:0204/112600.727:ERROR:process_metrics.cc(105)] NOT IMPLEMENTED
Feb 04, 2018 11:26:00.74 [2276:11116:0204/112600.727:ERROR:process_metrics.cc(105)] NOT IMPLEMENTED
Feb 04, 2018 11:26:00.75 [2276:11116:0204/112600.727:ERROR:process_metrics.cc(105)] NOT IMPLEMENTED
Feb 04, 2018 11:26:00.77 [2276:11116:0204/112600.727:ERROR:process_metrics.cc(105)] NOT IMPLEMENTED
Feb 04, 2018 11:26:00.77 [2276:11116:0204/112600.727:ERROR:process_metrics.cc(105)] NOT IMPLEMENTED
Feb 04, 2018 11:26:00.77 [2276:11116:0204/112600.727:ERROR:process_metrics.cc(105)] NOT IMPLEMENTED
Feb 04, 2018 11:26:00.79 [2276:11116:0204/112600.727:ERROR:process_metrics.cc(105)] NOT IMPLEMENTED
Feb 04, 2018 11:28:00.74 [2276:11116:0204/112800.744:ERROR:process_metrics.cc(105)] NOT IMPLEMENTED
Feb 04, 2018 11:28:00.74 [2276:11116:0204/112800.744:ERROR:process_metrics.cc(105)] NOT IMPLEMENTED
Feb 04, 2018 11:28:00.75 [2276:11116:0204/112800.744:ERROR:process_metrics.cc(105)] NOT IMPLEMENTED
Feb 04, 2018 11:28:00.75 [2276:11116:0204/112800.744:ERROR:process_metrics.cc(105)] NOT IMPLEMENTED
Feb 04, 2018 11:28:00.77 [2276:11116:0204/112800.744:ERROR:process_metrics.cc(105)] NOT IMPLEMENTED
Feb 04, 2018 11:28:00.77 [2276:11116:0204/112800.744:ERROR:process_metrics.cc(105)] NOT IMPLEMENTED
Feb 04, 2018 11:28:00.77 [2276:11116:0204/112800.744:ERROR:process_metrics.cc(105)] NOT IMPLEMENTED
Feb 04, 2018 11:30:00.75 [2276:11116:0204/113000.756:ERROR:process_metrics.cc(105)] NOT IMPLEMENTED
Feb 04, 2018 11:30:00.75 [2276:11116:0204/113000.756:ERROR:process_metrics.cc(105)] NOT IMPLEMENTED
Feb 04, 2018 11:30:00.75 [2276:11116:0204/113000.756:ERROR:process_metrics.cc(105)] NOT IMPLEMENTED
Feb 04, 2018 11:30:00.77 [2276:11116:0204/113000.756:ERROR:process_metrics.cc(105)] NOT IMPLEMENTED
Feb 04, 2018 11:30:00.77 [2276:11116:0204/113000.756:ERROR:process_metrics.cc(105)] NOT IMPLEMENTED
Feb 04, 2018 11:30:00.78 [2276:11116:0204/113000.756:ERROR:process_metrics.cc(105)] NOT IMPLEMENTED
Feb 04, 2018 11:30:00.80 [2276:11116:0204/113000.756:ERROR:process_metrics.cc(105)] NOT IMPLEMENTED
Feb 04, 2018 11:32:00.77 [2276:11116:0204/113200.770:ERROR:process_metrics.cc(105)] NOT IMPLEMENTED
Feb 04, 2018 11:32:00.80 [2276:11116:0204/113200.770:ERROR:process_metrics.cc(105)] NOT IMPLEMENTED
Feb 04, 2018 11:32:00.82 [2276:11116:0204/113200.770:ERROR:process_metrics.cc(105)] NOT IMPLEMENTED
Feb 04, 2018 11:32:00.83 [2276:11116:0204/113200.770:ERROR:process_metrics.cc(105)] NOT IMPLEMENTED
Feb 04, 2018 11:32:00.85 [2276:11116:0204/113200.770:ERROR:process_metrics.cc(105)] NOT IMPLEMENTED
Feb 04, 2018 11:34:00.77 [2276:11116:0204/113400.778:ERROR:process_metrics.cc(105)] NOT IMPLEMENTED
Feb 04, 2018 11:34:00.79 [2276:11116:0204/113400.778:ERROR:process_metrics.cc(105)] NOT IMPLEMENTED
Feb 04, 2018 11:34:00.80 [2276:11116:0204/113400.778:ERROR:process_metrics.cc(105)] NOT IMPLEMENTED
Feb 04, 2018 11:34:00.81 [2276:11116:0204/113400.778:ERROR:process_metrics.cc(105)] NOT IMPLEMENTED
Feb 04, 2018 11:34:00.82 [2276:11116:0204/113400.778:ERROR:process_metrics.cc(105)] NOT IMPLEMENTED
Feb 04, 2018 11:36:00.79 [2276:11116:0204/113600.790:ERROR:process_metrics.cc(105)] NOT IMPLEMENTED
Feb 04, 2018 11:36:00.79 [2276:11116:0204/113600.790:ERROR:process_metrics.cc(105)] NOT IMPLEMENTED
Feb 04, 2018 11:36:00.79 [2276:11116:0204/113600.790:ERROR:process_metrics.cc(105)] NOT IMPLEMENTED
Feb 04, 2018 11:36:00.80 [2276:11116:0204/113600.790:ERROR:process_metrics.cc(105)] NOT IMPLEMENTED
Feb 04, 2018 11:36:00.80 [2276:11116:0204/113600.790:ERROR:process_metrics.cc(105)] NOT IMPLEMENTED
Feb 04, 2018 11:38:00.79 [2276:11116:0204/113800.790:ERROR:process_metrics.cc(105)] NOT IMPLEMENTED
Feb 04, 2018 11:38:00.80 [2276:11116:0204/113800.790:ERROR:process_metrics.cc(105)] NOT IMPLEMENTED
Feb 04, 2018 11:38:00.82 [2276:11116:0204/113800.790:ERROR:process_metrics.cc(105)] NOT IMPLEMENTED
Feb 04, 2018 11:38:00.82 [2276:11116:0204/113800.790:ERROR:process_metrics.cc(105)] NOT IMPLEMENTED
Feb 04, 2018 11:38:00.84 [2276:11116:0204/113800.790:ERROR:process_metrics.cc(105)] NOT IMPLEMENTED
Feb 04, 2018 11:40:00.80 [2276:11116:0204/114000.804:ERROR:process_metrics.cc(105)] NOT IMPLEMENTED
Feb 04, 2018 11:40:00.81 [2276:11116:0204/114000.804:ERROR:process_metrics.cc(105)] NOT IMPLEMENTED
Feb 04, 2018 11:40:00.82 [2276:11116:0204/114000.804:ERROR:process_metrics.cc(105)] NOT IMPLEMENTED
Feb 04, 2018 11:40:00.82 [2276:11116:0204/114000.804:ERROR:process_metrics.cc(105)] NOT IMPLEMENTED
Feb 04, 2018 11:40:00.84 [2276:11116:0204/114000.804:ERROR:process_metrics.cc(105)] NOT IMPLEMENTED
Feb 04, 2018 11:42:00.80 [2276:11116:0204/114200.808:ERROR:process_metrics.cc(105)] NOT IMPLEMENTED
Feb 04, 2018 11:42:00.80 [2276:11116:0204/114200.808:ERROR:process_metrics.cc(105)] NOT IMPLEMENTED
Feb 04, 2018 11:42:00.82 [2276:11116:0204/114200.808:ERROR:process_metrics.cc(105)] NOT IMPLEMENTED
Feb 04, 2018 11:42:00.83 [2276:11116:0204/114200.808:ERROR:process_metrics.cc(105)] NOT IMPLEMENTED
Feb 04, 2018 11:42:00.85 [2276:11116:0204/114200.808:ERROR:process_metrics.cc(105)] NOT IMPLEMENTED
Feb 04, 2018 11:44:00.82 [2276:11116:0204/114400.821:ERROR:process_metrics.cc(105)] NOT IMPLEMENTED
Feb 04, 2018 11:44:00.83 [2276:11116:0204/114400.821:ERROR:process_metrics.cc(105)] NOT IMPLEMENTED
Feb 04, 2018 11:44:00.83 [2276:11116:0204/114400.821:ERROR:process_metrics.cc(105)] NOT IMPLEMENTED
Feb 04, 2018 11:44:00.85 [2276:11116:0204/114400.821:ERROR:process_metrics.cc(105)] NOT IMPLEMENTED
Feb 04, 2018 11:44:00.86 [2276:11116:0204/114400.821:ERROR:process_metrics.cc(105)] NOT IMPLEMENTED
Feb 04, 2018 11:46:00.82 [2276:11116:0204/114600.825:ERROR:process_metrics.cc(105)] NOT IMPLEMENTED
Feb 04, 2018 11:46:00.84 [2276:11116:0204/114600.825:ERROR:process_metrics.cc(105)] NOT IMPLEMENTED
Feb 04, 2018 11:46:00.86 [2276:11116:0204/114600.825:ERROR:process_metrics.cc(105)] NOT IMPLEMENTED
Feb 04, 2018 11:46:00.88 [2276:11116:0204/114600.825:ERROR:process_metrics.cc(105)] NOT IMPLEMENTED
Feb 04, 2018 11:46:00.90 [2276:11116:0204/114600.825:ERROR:process_metrics.cc(105)] NOT IMPLEMENTED
Feb 04, 2018 11:46:00.90 [2276:11116:0204/114600.825:ERROR:process_metrics.cc(105)] NOT IMPLEMENTED
Feb 04, 2018 11:46:00.92 [2276:11116:0204/114600.825:ERROR:process_metrics.cc(105)] NOT IMPLEMENTED
Feb 04, 2018 11:48:00.84 [2276:11116:0204/114800.840:ERROR:process_metrics.cc(105)] NOT IMPLEMENTED
Feb 04, 2018 11:48:00.84 [2276:11116:0204/114800.840:ERROR:process_metrics.cc(105)] NOT IMPLEMENTED
Feb 04, 2018 11:48:00.85 [2276:11116:0204/114800.840:ERROR:process_metrics.cc(105)] NOT IMPLEMENTED
Feb 04, 2018 11:48:00.87 [2276:11116:0204/114800.840:ERROR:process_metrics.cc(105)] NOT IMPLEMENTED
Feb 04, 2018 11:48:00.88 [2276:11116:0204/114800.840:ERROR:process_metrics.cc(105)] NOT IMPLEMENTED
Feb 04, 2018 11:48:00.90 [2276:11116:0204/114800.840:ERROR:process_metrics.cc(105)] NOT IMPLEMENTED
Feb 04, 2018 11:50:00.84 [2276:11116:0204/115000.846:ERROR:process_metrics.cc(105)] NOT IMPLEMENTED
Feb 04, 2018 11:50:00.85 [2276:11116:0204/115000.846:ERROR:process_metrics.cc(105)] NOT IMPLEMENTED
Feb 04, 2018 11:50:00.86 [2276:11116:0204/115000.846:ERROR:process_metrics.cc(105)] NOT IMPLEMENTED
Feb 04, 2018 11:50:00.87 [2276:11116:0204/115000.846:ERROR:process_metrics.cc(105)] NOT IMPLEMENTED
Feb 04, 2018 11:50:00.87 [2276:11116:0204/115000.846:ERROR:process_metrics.cc(105)] NOT IMPLEMENTED
Feb 04, 2018 11:50:00.88 [2276:11116:0204/115000.846:ERROR:process_metrics.cc(105)] NOT IMPLEMENTED
Feb 04, 2018 11:50:00.88 [2276:11116:0204/115000.846:ERROR:process_metrics.cc(105)] NOT IMPLEMENTED
Feb 04, 2018 11:50:00.89 [2276:11116:0204/115000.846:ERROR:process_metrics.cc(105)] NOT IMPLEMENTED
Feb 04, 2018 11:52:00.86 [2276:11116:0204/115200.859:ERROR:process_metrics.cc(105)] NOT IMPLEMENTED
Feb 04, 2018 11:52:00.86 [2276:11116:0204/115200.859:ERROR:process_metrics.cc(105)] NOT IMPLEMENTED
Feb 04, 2018 11:52:00.87 [2276:11116:0204/115200.859:ERROR:process_metrics.cc(105)] NOT IMPLEMENTED
Feb 04, 2018 11:52:00.87 [2276:11116:0204/115200.859:ERROR:process_metrics.cc(105)] NOT IMPLEMENTED
Feb 04, 2018 11:52:00.88 [2276:11116:0204/115200.859:ERROR:process_metrics.cc(105)] NOT IMPLEMENTED
Feb 04, 2018 11:52:00.89 [2276:11116:0204/115200.859:ERROR:process_metrics.cc(105)] NOT IMPLEMENTED
Feb 04, 2018 11:52:00.89 [2276:11116:0204/115200.859:ERROR:process_metrics.cc(105)] NOT IMPLEMENTED
Feb 04, 2018 11:52:00.90 [2276:11116:0204/115200.859:ERROR:process_metrics.cc(105)] NOT IMPLEMENTED
Feb 04, 2018 11:54:00.86 [2276:11116:0204/115400.860:ERROR:process_metrics.cc(105)] NOT IMPLEMENTED
Feb 04, 2018 11:54:00.87 [2276:11116:0204/115400.860:ERROR:process_metrics.cc(105)] NOT IMPLEMENTED
Feb 04, 2018 11:54:00.88 [2276:11116:0204/115400.860:ERROR:process_metrics.cc(105)] NOT IMPLEMENTED
Feb 04, 2018 11:54:00.89 [2276:11116:0204/115400.860:ERROR:process_metrics.cc(105)] NOT IMPLEMENTED
Feb 04, 2018 11:54:00.89 [2276:11116:0204/115400.860:ERROR:process_metrics.cc(105)] NOT IMPLEMENTED
Feb 04, 2018 11:54:00.90 [2276:11116:0204/115400.860:ERROR:process_metrics.cc(105)] NOT IMPLEMENTED
Feb 04, 2018 11:54:00.90 [2276:11116:0204/115400.860:ERROR:process_metrics.cc(105)] NOT IMPLEMENTED
Feb 04, 2018 11:54:00.91 [2276:11116:0204/115400.860:ERROR:process_metrics.cc(105)] NOT IMPLEMENTED
Feb 04, 2018 11:56:00.87 [2276:11116:0204/115600.872:ERROR:process_metrics.cc(105)] NOT IMPLEMENTED
Feb 04, 2018 11:56:00.88 [2276:11116:0204/115600.872:ERROR:process_metrics.cc(105)] NOT IMPLEMENTED
Feb 04, 2018 11:56:00.88 [2276:11116:0204/115600.872:ERROR:process_metrics.cc(105)] NOT IMPLEMENTED
Feb 04, 2018 11:56:00.90 [2276:11116:0204/115600.872:ERROR:process_metrics.cc(105)] NOT IMPLEMENTED
Feb 04, 2018 11:56:00.91 [2276:11116:0204/115600.872:ERROR:process_metrics.cc(105)] NOT IMPLEMENTED
Feb 04, 2018 11:56:00.93 [2276:11116:0204/115600.872:ERROR:process_metrics.cc(105)] NOT IMPLEMENTED
Feb 04, 2018 11:56:00.95 [2276:11116:0204/115600.872:ERROR:process_metrics.cc(105)] NOT IMPLEMENTED
Feb 04, 2018 11:56:00.95 [2276:11116:0204/115600.872:ERROR:process_metrics.cc(105)] NOT IMPLEMENTED
Feb 04, 2018 11:58:00.88 [2276:11116:0204/115800.882:ERROR:process_metrics.cc(105)] NOT IMPLEMENTED
Feb 04, 2018 11:58:00.88 [2276:11116:0204/115800.882:ERROR:process_metrics.cc(105)] NOT IMPLEMENTED
Feb 04, 2018 11:58:00.89 [2276:11116:0204/115800.882:ERROR:process_metrics.cc(105)] NOT IMPLEMENTED
Feb 04, 2018 11:58:00.92 [2276:11116:0204/115800.882:ERROR:process_metrics.cc(105)] NOT IMPLEMENTED
Feb 04, 2018 11:58:00.93 [2276:11116:0204/115800.882:ERROR:process_metrics.cc(105)] NOT IMPLEMENTED
Feb 04, 2018 11:58:00.93 [2276:11116:0204/115800.882:ERROR:process_metrics.cc(105)] NOT IMPLEMENTED
Feb 04, 2018 11:58:00.95 [2276:11116:0204/115800.882:ERROR:process_metrics.cc(105)] NOT IMPLEMENTED
Feb 04, 2018 11:58:00.95 [2276:11116:0204/115800.882:ERROR:process_metrics.cc(105)] NOT IMPLEMENTED
Feb 04, 2018 12:00:00.88 [2276:11116:0204/120000.888:ERROR:process_metrics.cc(105)] NOT IMPLEMENTED
Feb 04, 2018 12:00:00.90 [2276:11116:0204/120000.888:ERROR:process_metrics.cc(105)] NOT IMPLEMENTED
Feb 04, 2018 12:00:00.91 [2276:11116:0204/120000.888:ERROR:process_metrics.cc(105)] NOT IMPLEMENTED
Feb 04, 2018 12:00:00.91 [2276:11116:0204/120000.888:ERROR:process_metrics.cc(105)] NOT IMPLEMENTED
Feb 04, 2018 12:00:00.93 [2276:11116:0204/120000.888:ERROR:process_metrics.cc(105)] NOT IMPLEMENTED
Feb 04, 2018 12:00:00.95 [2276:11116:0204/120000.888:ERROR:process_metrics.cc(105)] NOT IMPLEMENTED
Feb 04, 2018 12:00:00.95 [2276:11116:0204/120000.888:ERROR:process_metrics.cc(105)] NOT IMPLEMENTED
Feb 04, 2018 12:00:00.95 [2276:11116:0204/120000.888:ERROR:process_metrics.cc(105)] NOT IMPLEMENTED
Feb 04, 2018 12:02:00.89 [2276:11116:0204/120200.891:ERROR:process_metrics.cc(105)] NOT IMPLEMENTED
Feb 04, 2018 12:02:00.89 [2276:11116:0204/120200.891:ERROR:process_metrics.cc(105)] NOT IMPLEMENTED
Feb 04, 2018 12:02:00.90 [2276:11116:0204/120200.891:ERROR:process_metrics.cc(105)] NOT IMPLEMENTED
Feb 04, 2018 12:02:00.91 [2276:11116:0204/120200.891:ERROR:process_metrics.cc(105)] NOT IMPLEMENTED
Feb 04, 2018 12:02:00.91 [2276:11116:0204/120200.891:ERROR:process_metrics.cc(105)] NOT IMPLEMENTED
Feb 04, 2018 12:02:00.92 [2276:11116:0204/120200.891:ERROR:process_metrics.cc(105)] NOT IMPLEMENTED
Feb 04, 2018 12:02:00.93 [2276:11116:0204/120200.891:ERROR:process_metrics.cc(105)] NOT IMPLEMENTED
Feb 04, 2018 12:02:00.93 [2276:11116:0204/120200.891:ERROR:process_metrics.cc(105)] NOT IMPLEMENTED
Feb 04, 2018 12:04:00.89 [2276:11116:0204/120400.894:ERROR:process_metrics.cc(105)] NOT IMPLEMENTED
Feb 04, 2018 12:04:00.90 [2276:11116:0204/120400.894:ERROR:process_metrics.cc(105)] NOT IMPLEMENTED
Feb 04, 2018 12:04:00.91 [2276:11116:0204/120400.894:ERROR:process_metrics.cc(105)] NOT IMPLEMENTED
Feb 04, 2018 12:04:00.91 [2276:11116:0204/120400.894:ERROR:process_metrics.cc(105)] NOT IMPLEMENTED
Feb 04, 2018 12:04:00.92 [2276:11116:0204/120400.894:ERROR:process_metrics.cc(105)] NOT IMPLEMENTED
Feb 04, 2018 12:04:00.93 [2276:11116:0204/120400.894:ERROR:process_metrics.cc(105)] NOT IMPLEMENTED
Feb 04, 2018 12:04:00.93 [2276:11116:0204/120400.894:ERROR:process_metrics.cc(105)] NOT IMPLEMENTED
Feb 04, 2018 12:04:00.94 [2276:11116:0204/120400.894:ERROR:process_metrics.cc(105)] NOT IMPLEMENTED
Feb 04, 2018 12:06:00.90 [2276:11116:0204/120600.907:ERROR:process_metrics.cc(105)] NOT IMPLEMENTED
Feb 04, 2018 12:06:00.90 [2276:11116:0204/120600.907:ERROR:process_metrics.cc(105)] NOT IMPLEMENTED
Feb 04, 2018 12:06:00.92 [2276:11116:0204/120600.907:ERROR:process_metrics.cc(105)] NOT IMPLEMENTED
Feb 04, 2018 12:06:00.93 [2276:11116:0204/120600.907:ERROR:process_metrics.cc(105)] NOT IMPLEMENTED
Feb 04, 2018 12:06:00.95 [2276:11116:0204/120600.907:ERROR:process_metrics.cc(105)] NOT IMPLEMENTED
Feb 04, 2018 12:06:00.96 [2276:11116:0204/120600.907:ERROR:process_metrics.cc(105)] NOT IMPLEMENTED
Feb 04, 2018 12:06:00.98 [2276:11116:0204/120600.907:ERROR:process_metrics.cc(105)] NOT IMPLEMENTED
Feb 04, 2018 12:06:00.99 [2276:11116:0204/120600.907:ERROR:process_metrics.cc(105)] NOT IMPLEMENTED
Feb 04, 2018 12:08:00.91 [2276:11116:0204/120800.911:ERROR:process_metrics.cc(105)] NOT IMPLEMENTED
Feb 04, 2018 12:08:00.91 [2276:11116:0204/120800.911:ERROR:process_metrics.cc(105)] NOT IMPLEMENTED
Feb 04, 2018 12:08:00.92 [2276:11116:0204/120800.911:ERROR:process_metrics.cc(105)] NOT IMPLEMENTED
Feb 04, 2018 12:08:00.93 [2276:11116:0204/120800.911:ERROR:process_metrics.cc(105)] NOT IMPLEMENTED
Feb 04, 2018 12:08:00.93 [2276:11116:0204/120800.911:ERROR:process_metrics.cc(105)] NOT IMPLEMENTED
Feb 04, 2018 12:08:00.94 [2276:11116:0204/120800.911:ERROR:process_metrics.cc(105)] NOT IMPLEMENTED
Feb 04, 2018 12:08:00.95 [2276:11116:0204/120800.911:ERROR:process_metrics.cc(105)] NOT IMPLEMENTED
Feb 04, 2018 12:08:00.95 [2276:11116:0204/120800.911:ERROR:process_metrics.cc(105)] NOT IMPLEMENTED
Feb 04, 2018 12:10:00.91 [2276:11116:0204/121000.911:ERROR:process_metrics.cc(105)] NOT IMPLEMENTED
Feb 04, 2018 12:10:00.92 [2276:11116:0204/121000.911:ERROR:process_metrics.cc(105)] NOT IMPLEMENTED
Feb 04, 2018 12:10:00.93 [2276:11116:0204/121000.911:ERROR:process_metrics.cc(105)] NOT IMPLEMENTED
Feb 04, 2018 12:10:00.95 [2276:11116:0204/121000.911:ERROR:process_metrics.cc(105)] NOT IMPLEMENTED
Feb 04, 2018 12:10:00.96 [2276:11116:0204/121000.911:ERROR:process_metrics.cc(105)] NOT IMPLEMENTED
Feb 04, 2018 12:10:00.97 [2276:11116:0204/121000.911:ERROR:process_metrics.cc(105)] NOT IMPLEMENTED
Feb 04, 2018 12:10:00.98 [2276:11116:0204/121000.911:ERROR:process_metrics.cc(105)] NOT IMPLEMENTED
Feb 04, 2018 12:10:00.99 [2276:11116:0204/121000.911:ERROR:process_metrics.cc(105)] NOT IMPLEMENTED
Feb 04, 2018 12:12:00.92 [2276:11116:0204/121200.926:ERROR:process_metrics.cc(105)] NOT IMPLEMENTED
Feb 04, 2018 12:12:00.92 [2276:11116:0204/121200.926:ERROR:process_metrics.cc(105)] NOT IMPLEMENTED
Feb 04, 2018 12:12:00.92 [2276:11116:0204/121200.926:ERROR:process_metrics.cc(105)] NOT IMPLEMENTED
Feb 04, 2018 12:12:00.94 [2276:11116:0204/121200.926:ERROR:process_metrics.cc(105)] NOT IMPLEMENTED
Feb 04, 2018 12:12:00.94 [2276:11116:0204/121200.926:ERROR:process_metrics.cc(105)] NOT IMPLEMENTED
Feb 04, 2018 12:12:00.94 [2276:11116:0204/121200.926:ERROR:process_metrics.cc(105)] NOT IMPLEMENTED
Feb 04, 2018 12:12:00.96 [2276:11116:0204/121200.926:ERROR:process_metrics.cc(105)] NOT IMPLEMENTED
Feb 04, 2018 12:12:00.97 [2276:11116:0204/121200.926:ERROR:process_metrics.cc(105)] NOT IMPLEMENTED
Feb 04, 2018 12:13:42.66 [2276:11116:0204/121342.663:ERROR:service_manager.cc(157)] Connection InterfaceProviderSpec prevented service: content_renderer from binding interface: blink::mojom::ReportingServiceProxy exposed by: content_browser
Feb 04, 2018 12:14:00.93 [2276:11116:0204/121400.929:ERROR:process_metrics.cc(105)] NOT IMPLEMENTED
Feb 04, 2018 12:14:00.95 [2276:11116:0204/121400.929:ERROR:process_metrics.cc(105)] NOT IMPLEMENTED
Feb 04, 2018 12:14:00.96 [2276:11116:0204/121400.929:ERROR:process_metrics.cc(105)] NOT IMPLEMENTED
Feb 04, 2018 12:14:00.97 [2276:11116:0204/121400.929:ERROR:process_metrics.cc(105)] NOT IMPLEMENTED
Feb 04, 2018 12:14:00.98 [2276:11116:0204/121400.929:ERROR:process_metrics.cc(105)] NOT IMPLEMENTED
Feb 04, 2018 12:14:00.99 [2276:11116:0204/121400.929:ERROR:process_metrics.cc(105)] NOT IMPLEMENTED
Feb 04, 2018 12:14:00.99 [2276:11116:0204/121400.929:ERROR:process_metrics.cc(105)] NOT IMPLEMENTED
Feb 04, 2018 12:14:01.00 [2276:11116:0204/121400.929:ERROR:process_metrics.cc(105)] NOT IMPLEMENTED
Feb 04, 2018 12:14:01.01 [2276:11116:0204/121400.929:ERROR:process_metrics.cc(105)] NOT IMPLEMENTED
Feb 04, 2018 12:14:01.01 [2276:11116:0204/121400.929:ERROR:process_metrics.cc(105)] NOT IMPLEMENTED
Feb 04, 2018 12:14:01.02 [2276:11116:0204/121400.929:ERROR:process_metrics.cc(105)] NOT IMPLEMENTED
Feb 04, 2018 12:16:00.93 [2276:11116:0204/121600.931:ERROR:process_metrics.cc(105)] NOT IMPLEMENTED
Feb 04, 2018 12:16:00.95 [2276:11116:0204/121600.931:ERROR:process_metrics.cc(105)] NOT IMPLEMENTED
Feb 04, 2018 12:16:00.98 [2276:11116:0204/121600.931:ERROR:process_metrics.cc(105)] NOT IMPLEMENTED
Feb 04, 2018 12:16:01.00 [2276:11116:0204/121600.932:ERROR:process_metrics.cc(105)] NOT IMPLEMENTED
Feb 04, 2018 12:16:01.01 [2276:11116:0204/121600.932:ERROR:process_metrics.cc(105)] NOT IMPLEMENTED
Feb 04, 2018 12:16:01.02 [2276:11116:0204/121600.932:ERROR:process_metrics.cc(105)] NOT IMPLEMENTED
Feb 04, 2018 12:16:01.03 [2276:11116:0204/121600.932:ERROR:process_metrics.cc(105)] NOT IMPLEMENTED
Feb 04, 2018 12:16:01.04 [2276:11116:0204/121600.932:ERROR:process_metrics.cc(105)] NOT IMPLEMENTED
Feb 04, 2018 12:16:01.05 [2276:11116:0204/121600.932:ERROR:process_metrics.cc(105)] NOT IMPLEMENTED
Feb 04, 2018 12:16:01.06 [2276:11116:0204/121600.932:ERROR:process_metrics.cc(105)] NOT IMPLEMENTED
Feb 04, 2018 12:18:00.93 [2276:11116:0204/121800.934:ERROR:process_metrics.cc(105)] NOT IMPLEMENTED
Feb 04, 2018 12:18:00.94 [2276:11116:0204/121800.934:ERROR:process_metrics.cc(105)] NOT IMPLEMENTED
Feb 04, 2018 12:18:00.94 [2276:11116:0204/121800.934:ERROR:process_metrics.cc(105)] NOT IMPLEMENTED
Feb 04, 2018 12:18:00.95 [2276:11116:0204/121800.934:ERROR:process_metrics.cc(105)] NOT IMPLEMENTED
Feb 04, 2018 12:18:00.96 [2276:11116:0204/121800.934:ERROR:process_metrics.cc(105)] NOT IMPLEMENTED
Feb 04, 2018 12:18:00.97 [2276:11116:0204/121800.934:ERROR:process_metrics.cc(105)] NOT IMPLEMENTED
Feb 04, 2018 12:18:00.97 [2276:11116:0204/121800.934:ERROR:process_metrics.cc(105)] NOT IMPLEMENTED
Feb 04, 2018 12:18:00.98 [2276:11116:0204/121800.934:ERROR:process_metrics.cc(105)] NOT IMPLEMENTED
Feb 04, 2018 12:18:00.99 [2276:11116:0204/121800.934:ERROR:process_metrics.cc(105)] NOT IMPLEMENTED
Feb 04, 2018 12:18:01.00 [2276:11116:0204/121800.934:ERROR:process_metrics.cc(105)] NOT IMPLEMENTED
Feb 04, 2018 12:20:00.93 [2276:11116:0204/122000.935:ERROR:process_metrics.cc(105)] NOT IMPLEMENTED
Feb 04, 2018 12:20:00.94 [2276:11116:0204/122000.936:ERROR:process_metrics.cc(105)] NOT IMPLEMENTED
Feb 04, 2018 12:20:00.96 [2276:11116:0204/122000.936:ERROR:process_metrics.cc(105)] NOT IMPLEMENTED
Feb 04, 2018 12:20:00.97 [2276:11116:0204/122000.936:ERROR:process_metrics.cc(105)] NOT IMPLEMENTED
Feb 04, 2018 12:20:00.99 [2276:11116:0204/122000.936:ERROR:process_metrics.cc(105)] NOT IMPLEMENTED
Feb 04, 2018 12:20:00.99 [2276:11116:0204/122000.936:ERROR:process_metrics.cc(105)] NOT IMPLEMENTED
Feb 04, 2018 12:20:01.00 [2276:11116:0204/122000.936:ERROR:process_metrics.cc(105)] NOT IMPLEMENTED
Feb 04, 2018 12:20:01.01 [2276:11116:0204/122000.936:ERROR:process_metrics.cc(105)] NOT IMPLEMENTED
Feb 04, 2018 12:20:01.03 [2276:11116:0204/122000.936:ERROR:process_metrics.cc(105)] NOT IMPLEMENTED
Feb 04, 2018 12:20:01.04 [2276:11116:0204/122000.936:ERROR:process_metrics.cc(105)] NOT IMPLEMENTED
Feb 04, 2018 12:22:00.93 [2276:11116:0204/122200.937:ERROR:process_metrics.cc(105)] NOT IMPLEMENTED
Feb 04, 2018 12:22:00.95 [2276:11116:0204/122200.937:ERROR:process_metrics.cc(105)] NOT IMPLEMENTED
Feb 04, 2018 12:22:00.96 [2276:11116:0204/122200.937:ERROR:process_metrics.cc(105)] NOT IMPLEMENTED
Feb 04, 2018 12:22:00.98 [2276:11116:0204/122200.937:ERROR:process_metrics.cc(105)] NOT IMPLEMENTED
Feb 04, 2018 12:22:00.99 [2276:11116:0204/122200.937:ERROR:process_metrics.cc(105)] NOT IMPLEMENTED
Feb 04, 2018 12:22:01.00 [2276:11116:0204/122200.937:ERROR:process_metrics.cc(105)] NOT IMPLEMENTED
Feb 04, 2018 12:22:01.01 [2276:11116:0204/122200.937:ERROR:process_metrics.cc(105)] NOT IMPLEMENTED
Feb 04, 2018 12:22:01.02 [2276:11116:0204/122200.937:ERROR:process_metrics.cc(105)] NOT IMPLEMENTED
Feb 04, 2018 12:22:01.03 [2276:11116:0204/122200.937:ERROR:process_metrics.cc(105)] NOT IMPLEMENTED
Feb 04, 2018 12:22:01.03 [2276:11116:0204/122200.937:ERROR:process_metrics.cc(105)] NOT IMPLEMENTED
Feb 04, 2018 12:24:00.94 [2276:11116:0204/122400.941:ERROR:process_metrics.cc(105)] NOT IMPLEMENTED
Feb 04, 2018 12:24:00.94 [2276:11116:0204/122400.941:ERROR:process_metrics.cc(105)] NOT IMPLEMENTED
Feb 04, 2018 12:24:00.95 [2276:11116:0204/122400.941:ERROR:process_metrics.cc(105)] NOT IMPLEMENTED
Feb 04, 2018 12:24:00.97 [2276:11116:0204/122400.941:ERROR:process_metrics.cc(105)] NOT IMPLEMENTED
Feb 04, 2018 12:24:00.99 [2276:11116:0204/122400.941:ERROR:process_metrics.cc(105)] NOT IMPLEMENTED
Feb 04, 2018 12:24:00.99 [2276:11116:0204/122400.941:ERROR:process_metrics.cc(105)] NOT IMPLEMENTED
Feb 04, 2018 12:24:01.01 [2276:11116:0204/122400.941:ERROR:process_metrics.cc(105)] NOT IMPLEMENTED
Feb 04, 2018 12:24:01.02 [2276:11116:0204/122400.941:ERROR:process_metrics.cc(105)] NOT IMPLEMENTED
Feb 04, 2018 12:24:01.04 [2276:11116:0204/122400.941:ERROR:process_metrics.cc(105)] NOT IMPLEMENTED
Feb 04, 2018 12:24:01.04 [2276:11116:0204/122400.941:ERROR:process_metrics.cc(105)] NOT IMPLEMENTED
Feb 04, 2018 12:26:00.94 [2276:11116:0204/122600.945:ERROR:process_metrics.cc(105)] NOT IMPLEMENTED
Feb 04, 2018 12:26:00.95 [2276:11116:0204/122600.945:ERROR:process_metrics.cc(105)] NOT IMPLEMENTED
Feb 04, 2018 12:26:00.96 [2276:11116:0204/122600.945:ERROR:process_metrics.cc(105)] NOT IMPLEMENTED
Feb 04, 2018 12:26:00.97 [2276:11116:0204/122600.945:ERROR:process_metrics.cc(105)] NOT IMPLEMENTED
Feb 04, 2018 12:26:00.97 [2276:11116:0204/122600.945:ERROR:process_metrics.cc(105)] NOT IMPLEMENTED
Feb 04, 2018 12:26:00.98 [2276:11116:0204/122600.945:ERROR:process_metrics.cc(105)] NOT IMPLEMENTED
Feb 04, 2018 12:26:00.98 [2276:11116:0204/122600.945:ERROR:process_metrics.cc(105)] NOT IMPLEMENTED
Feb 04, 2018 12:26:00.99 [2276:11116:0204/122600.945:ERROR:process_metrics.cc(105)] NOT IMPLEMENTED
Feb 04, 2018 12:26:01.00 [2276:11116:0204/122600.945:ERROR:process_metrics.cc(105)] NOT IMPLEMENTED
Feb 04, 2018 12:26:01.00 [2276:11116:0204/122600.945:ERROR:process_metrics.cc(105)] NOT IMPLEMENTED
Feb 04, 2018 12:28:00.94 [2276:11116:0204/122800.945:ERROR:process_metrics.cc(105)] NOT IMPLEMENTED
Feb 04, 2018 12:28:00.96 [2276:11116:0204/122800.945:ERROR:process_metrics.cc(105)] NOT IMPLEMENTED
Feb 04, 2018 12:28:00.97 [2276:11116:0204/122800.945:ERROR:process_metrics.cc(105)] NOT IMPLEMENTED
Feb 04, 2018 12:28:00.98 [2276:11116:0204/122800.945:ERROR:process_metrics.cc(105)] NOT IMPLEMENTED
Feb 04, 2018 12:28:00.99 [2276:11116:0204/122800.945:ERROR:process_metrics.cc(105)] NOT IMPLEMENTED
Feb 04, 2018 12:28:01.01 [2276:11116:0204/122800.945:ERROR:process_metrics.cc(105)] NOT IMPLEMENTED
Feb 04, 2018 12:28:01.02 [2276:11116:0204/122800.945:ERROR:process_metrics.cc(105)] NOT IMPLEMENTED
Feb 04, 2018 12:28:01.04 [2276:11116:0204/122800.945:ERROR:process_metrics.cc(105)] NOT IMPLEMENTED
Feb 04, 2018 12:28:01.05 [2276:11116:0204/122800.945:ERROR:process_metrics.cc(105)] NOT IMPLEMENTED
Feb 04, 2018 12:28:01.06 [2276:11116:0204/122800.949:ERROR:process_metrics.cc(105)] NOT IMPLEMENTED
Feb 04, 2018 12:30:00.95 [2276:11116:0204/123000.954:ERROR:process_metrics.cc(105)] NOT IMPLEMENTED
Feb 04, 2018 12:30:00.95 [2276:11116:0204/123000.954:ERROR:process_metrics.cc(105)] NOT IMPLEMENTED
Feb 04, 2018 12:30:00.95 [2276:11116:0204/123000.954:ERROR:process_metrics.cc(105)] NOT IMPLEMENTED
Feb 04, 2018 12:30:00.97 [2276:11116:0204/123000.954:ERROR:process_metrics.cc(105)] NOT IMPLEMENTED
Feb 04, 2018 12:30:00.97 [2276:11116:0204/123000.954:ERROR:process_metrics.cc(105)] NOT IMPLEMENTED
Feb 04, 2018 12:30:00.98 [2276:11116:0204/123000.954:ERROR:process_metrics.cc(105)] NOT IMPLEMENTED
Feb 04, 2018 12:30:00.99 [2276:11116:0204/123000.954:ERROR:process_metrics.cc(105)] NOT IMPLEMENTED
Feb 04, 2018 12:30:00.99 [2276:11116:0204/123000.954:ERROR:process_metrics.cc(105)] NOT IMPLEMENTED
Feb 04, 2018 12:30:01.00 [2276:11116:0204/123000.954:ERROR:process_metrics.cc(105)] NOT IMPLEMENTED
Feb 04, 2018 12:30:01.01 [2276:11116:0204/123000.954:ERROR:process_metrics.cc(105)] NOT IMPLEMENTED
Feb 04, 2018 12:31:57.67 [2276:11116:0204/123157.676:ERROR:service_manager.cc(157)] Connection InterfaceProviderSpec prevented service: content_renderer from binding interface: blink::mojom::ReportingServiceProxy exposed by: content_browser
Feb 04, 2018 12:32:00.95 [2276:11116:0204/123200.956:ERROR:process_metrics.cc(105)] NOT IMPLEMENTED
Feb 04, 2018 12:32:00.96 [2276:11116:0204/123200.956:ERROR:process_metrics.cc(105)] NOT IMPLEMENTED
Feb 04, 2018 12:32:00.97 [2276:11116:0204/123200.956:ERROR:process_metrics.cc(105)] NOT IMPLEMENTED
Feb 04, 2018 12:32:00.98 [2276:11116:0204/123200.956:ERROR:process_metrics.cc(105)] NOT IMPLEMENTED
Feb 04, 2018 12:32:01.02 [2276:11116:0204/123200.956:ERROR:process_metrics.cc(105)] NOT IMPLEMENTED
Feb 04, 2018 12:32:01.03 [2276:11116:0204/123200.956:ERROR:process_metrics.cc(105)] NOT IMPLEMENTED
Feb 04, 2018 12:32:01.03 [2276:11116:0204/123200.956:ERROR:process_metrics.cc(105)] NOT IMPLEMENTED
Feb 04, 2018 12:32:01.04 [2276:11116:0204/123200.956:ERROR:process_metrics.cc(105)] NOT IMPLEMENTED
Feb 04, 2018 12:32:01.05 [2276:11116:0204/123200.956:ERROR:process_metrics.cc(105)] NOT IMPLEMENTED
Feb 04, 2018 12:32:01.05 [2276:11116:0204/123200.956:ERROR:process_metrics.cc(105)] NOT IMPLEMENTED
Feb 04, 2018 12:32:01.06 [2276:11116:0204/123200.956:ERROR:process_metrics.cc(105)] NOT IMPLEMENTED
Feb 04, 2018 12:32:03.01 [2276:11116:0204/123203.019:ERROR:service_manager.cc(157)] Connection InterfaceProviderSpec prevented service: content_renderer from binding interface: blink::mojom::ReportingServiceProxy exposed by: content_browser
Feb 04, 2018 12:32:27.65 [2276:11116:0204/123227.656:ERROR:service_manager.cc(157)] Connection InterfaceProviderSpec prevented service: content_renderer from binding interface: blink::mojom::ReportingServiceProxy exposed by: content_browser
Feb 04, 2018 12:32:32.15 [2276:11116:0204/123232.155:ERROR:service_manager.cc(157)] Connection InterfaceProviderSpec prevented service: content_renderer from binding interface: blink::mojom::ReportingServiceProxy exposed by: content_browser
Feb 04, 2018 12:32:51.51 [2276:11116:0204/123251.517:ERROR:service_manager.cc(157)] Connection InterfaceProviderSpec prevented service: content_renderer from binding interface: blink::mojom::ReportingServiceProxy exposed by: content_browser
Feb 04, 2018 12:32:57.12 [2276:11116:0204/123257.121:ERROR:service_manager.cc(157)] Connection InterfaceProviderSpec prevented service: content_renderer from binding interface: blink::mojom::ReportingServiceProxy exposed by: content_browser
Feb 04, 2018 12:34:00.96 [2276:11116:0204/123400.959:ERROR:process_metrics.cc(105)] NOT IMPLEMENTED
Feb 04, 2018 12:34:00.99 [2276:11116:0204/123400.959:ERROR:process_metrics.cc(105)] NOT IMPLEMENTED
Feb 04, 2018 12:34:01.00 [2276:11116:0204/123400.960:ERROR:process_metrics.cc(105)] NOT IMPLEMENTED
Feb 04, 2018 12:34:01.01 [2276:11116:0204/123400.960:ERROR:process_metrics.cc(105)] NOT IMPLEMENTED
Feb 04, 2018 12:34:01.01 [2276:11116:0204/123400.961:ERROR:process_metrics.cc(105)] NOT IMPLEMENTED
Feb 04, 2018 12:36:00.96 [2276:11116:0204/123600.964:ERROR:process_metrics.cc(105)] NOT IMPLEMENTED
Feb 04, 2018 12:36:00.97 [2276:11116:0204/123600.964:ERROR:process_metrics.cc(105)] NOT IMPLEMENTED
Feb 04, 2018 12:36:00.98 [2276:11116:0204/123600.964:ERROR:process_metrics.cc(105)] NOT IMPLEMENTED
Feb 04, 2018 12:36:00.99 [2276:11116:0204/123600.964:ERROR:process_metrics.cc(105)] NOT IMPLEMENTED
Feb 04, 2018 12:36:01.00 [2276:11116:0204/123600.964:ERROR:process_metrics.cc(105)] NOT IMPLEMENTED
Feb 04, 2018 12:38:00.96 [2276:11116:0204/123800.965:ERROR:process_metrics.cc(105)] NOT IMPLEMENTED
Feb 04, 2018 12:38:00.97 [2276:11116:0204/123800.965:ERROR:process_metrics.cc(105)] NOT IMPLEMENTED
Feb 04, 2018 12:38:00.98 [2276:11116:0204/123800.965:ERROR:process_metrics.cc(105)] NOT IMPLEMENTED
Feb 04, 2018 12:38:00.98 [2276:11116:0204/123800.965:ERROR:process_metrics.cc(105)] NOT IMPLEMENTED
Feb 04, 2018 12:38:00.99 [2276:11116:0204/123800.966:ERROR:process_metrics.cc(105)] NOT IMPLEMENTED
Feb 04, 2018 12:38:00.99 [2276:11116:0204/123800.966:ERROR:process_metrics.cc(105)] NOT IMPLEMENTED
Feb 04, 2018 12:38:01.00 [2276:11116:0204/123800.966:ERROR:process_metrics.cc(105)] NOT IMPLEMENTED
Feb 04, 2018 12:38:01.01 [2276:11116:0204/123800.966:ERROR:process_metrics.cc(105)] NOT IMPLEMENTED
Feb 04, 2018 12:40:00.97 [2276:11116:0204/124000.970:ERROR:process_metrics.cc(105)] NOT IMPLEMENTED
Feb 04, 2018 12:40:00.98 [2276:11116:0204/124000.970:ERROR:process_metrics.cc(105)] NOT IMPLEMENTED
Feb 04, 2018 12:40:00.98 [2276:11116:0204/124000.970:ERROR:process_metrics.cc(105)] NOT IMPLEMENTED
Feb 04, 2018 12:40:01.00 [2276:11116:0204/124000.970:ERROR:process_metrics.cc(105)] NOT IMPLEMENTED
Feb 04, 2018 12:40:01.00 [2276:11116:0204/124000.970:ERROR:process_metrics.cc(105)] NOT IMPLEMENTED
Feb 04, 2018 12:40:01.02 [2276:11116:0204/124000.970:ERROR:process_metrics.cc(105)] NOT IMPLEMENTED
Feb 04, 2018 12:40:01.02 [2276:11116:0204/124000.970:ERROR:process_metrics.cc(105)] NOT IMPLEMENTED
Feb 04, 2018 12:40:01.03 [2276:11116:0204/124000.970:ERROR:process_metrics.cc(105)] NOT IMPLEMENTED
Feb 04, 2018 12:40:22.63 [2276:11116:0204/124022.629:ERROR:service_manager.cc(157)] Connection InterfaceProviderSpec prevented service: content_renderer from binding interface: blink::mojom::ReportingServiceProxy exposed by: content_browser
Feb 04, 2018 12:40:42.79 [2276:11116:0204/124042.794:ERROR:shader_disk_cache.cc(238)] Failed to create shader cache entry: -2
Feb 04, 2018 12:42:00.97 [2276:11116:0204/124200.974:ERROR:process_metrics.cc(105)] NOT IMPLEMENTED
Feb 04, 2018 12:42:00.98 [2276:11116:0204/124200.974:ERROR:process_metrics.cc(105)] NOT IMPLEMENTED
Feb 04, 2018 12:42:00.99 [2276:11116:0204/124200.975:ERROR:process_metrics.cc(105)] NOT IMPLEMENTED
Feb 04, 2018 12:42:01.00 [2276:11116:0204/124200.975:ERROR:process_metrics.cc(105)] NOT IMPLEMENTED
Feb 04, 2018 12:42:01.01 [2276:11116:0204/124200.975:ERROR:process_metrics.cc(105)] NOT IMPLEMENTED
Feb 04, 2018 12:44:00.98 [2276:11116:0204/124400.980:ERROR:process_metrics.cc(105)] NOT IMPLEMENTED
Feb 04, 2018 12:44:00.98 [2276:11116:0204/124400.980:ERROR:process_metrics.cc(105)] NOT IMPLEMENTED
Feb 04, 2018 12:44:00.99 [2276:11116:0204/124400.980:ERROR:process_metrics.cc(105)] NOT IMPLEMENTED
Feb 04, 2018 12:44:00.99 [2276:11116:0204/124400.980:ERROR:process_metrics.cc(105)] NOT IMPLEMENTED
Feb 04, 2018 12:45:25.06 [2276:11116:0204/124525.065:ERROR:service_manager.cc(157)] Connection InterfaceProviderSpec prevented service: content_renderer from binding interface: blink::mojom::ReportingServiceProxy exposed by: content_browser
Feb 04, 2018 12:46:00.98 [2276:11116:0204/124600.982:ERROR:process_metrics.cc(105)] NOT IMPLEMENTED
Feb 04, 2018 12:46:01.03 [2276:11116:0204/124600.982:ERROR:process_metrics.cc(105)] NOT IMPLEMENTED
Feb 04, 2018 12:46:01.05 [2276:11116:0204/124600.982:ERROR:process_metrics.cc(105)] NOT IMPLEMENTED
Feb 04, 2018 12:46:01.06 [2276:11116:0204/124600.982:ERROR:process_metrics.cc(105)] NOT IMPLEMENTED
Feb 04, 2018 12:46:01.08 [2276:11116:0204/124600.982:ERROR:process_metrics.cc(105)] NOT IMPLEMENTED
Feb 04, 2018 12:47:54.98 [2276:11116:0204/124754.984:ERROR:socket_stream.cc(210)] Closing stream with result -101
Feb 04, 2018 12:47:55.11 [2276:11116:0204/124755.006:ERROR:connection_factory_impl.cc(381)] Failed to connect to MCS endpoint with error -21
Feb 04, 2018 12:48:00.98 [2276:11116:0204/124800.989:ERROR:process_metrics.cc(105)] NOT IMPLEMENTED
Feb 04, 2018 12:48:01.00 [2276:11116:0204/124800.990:ERROR:process_metrics.cc(105)] NOT IMPLEMENTED
Feb 04, 2018 12:48:01.01 [2276:11116:0204/124800.990:ERROR:process_metrics.cc(105)] NOT IMPLEMENTED
Feb 04, 2018 12:49:46.66 [2276:11116:0204/124946.661:ERROR:service_manager.cc(157)] Connection InterfaceProviderSpec prevented service: content_renderer from binding interface: blink::mojom::ReportingServiceProxy exposed by: content_browser
Feb 04, 2018 12:50:00.99 [2276:11116:0204/125000.991:ERROR:process_metrics.cc(105)] NOT IMPLEMENTED
Feb 04, 2018 12:50:01.00 [2276:11116:0204/125000.991:ERROR:process_metrics.cc(105)] NOT IMPLEMENTED
Feb 04, 2018 12:50:01.01 [2276:11116:0204/125000.991:ERROR:process_metrics.cc(105)] NOT IMPLEMENTED
Feb 04, 2018 12:50:01.02 [2276:11116:0204/125000.991:ERROR:process_metrics.cc(105)] NOT IMPLEMENTED
Feb 04, 2018 12:50:01.03 [2276:11116:0204/125000.991:ERROR:process_metrics.cc(105)] NOT IMPLEMENTED
Feb 04, 2018 12:50:40.60 [2276:11116:0204/125040.600:ERROR:service_manager.cc(157)] Connection InterfaceProviderSpec prevented service: content_renderer from binding interface: blink::mojom::ReportingServiceProxy exposed by: content_browser
Feb 04, 2018 12:51:23.13 [2276:11116:0204/125123.130:ERROR:service_manager.cc(157)] Connection InterfaceProviderSpec prevented service: content_renderer from binding interface: blink::mojom::ReportingServiceProxy exposed by: content_browser
Feb 04, 2018 12:51:26.55 [2276:11116:0204/125126.558:ERROR:service_manager.cc(157)] Connection InterfaceProviderSpec prevented service: content_renderer from binding interface: blink::mojom::ReportingServiceProxy exposed by: content_browser
Feb 04, 2018 12:51:49.37 [2276:11116:0204/125149.374:ERROR:service_manager.cc(157)] Connection InterfaceProviderSpec prevented service: content_renderer from binding interface: blink::mojom::ReportingServiceProxy exposed by: content_browser
Feb 04, 2018 12:51:53.22 [2276:11116:0204/125153.223:ERROR:service_manager.cc(157)] Connection InterfaceProviderSpec prevented service: content_renderer from binding interface: blink::mojom::ReportingServiceProxy exposed by: content_browser
Feb 04, 2018 12:52:00.99 [2276:11116:0204/125200.994:ERROR:process_metrics.cc(105)] NOT IMPLEMENTED
Feb 04, 2018 12:52:01.00 [2276:11116:0204/125200.994:ERROR:process_metrics.cc(105)] NOT IMPLEMENTED
Feb 04, 2018 12:52:01.01 [2276:11116:0204/125200.996:ERROR:process_metrics.cc(105)] NOT IMPLEMENTED
Feb 04, 2018 12:52:01.02 [2276:11116:0204/125200.996:ERROR:process_metrics.cc(105)] NOT IMPLEMENTED
Feb 04, 2018 12:54:00.99 [2276:11116:0204/125400.999:ERROR:process_metrics.cc(105)] NOT IMPLEMENTED
Feb 04, 2018 12:54:01.00 [2276:11116:0204/125400.999:ERROR:process_metrics.cc(105)] NOT IMPLEMENTED
Feb 04, 2018 12:54:01.01 [2276:11116:0204/125400.999:ERROR:process_metrics.cc(105)] NOT IMPLEMENTED
Feb 04, 2018 12:56:01.00 [2276:11116:0204/125601.001:ERROR:process_metrics.cc(105)] NOT IMPLEMENTED
Feb 04, 2018 12:56:01.03 [2276:11116:0204/125601.001:ERROR:process_metrics.cc(105)] NOT IMPLEMENTED
Feb 04, 2018 12:56:01.04 [2276:11116:0204/125601.001:ERROR:process_metrics.cc(105)] NOT IMPLEMENTED
Feb 04, 2018 12:57:10.28 [2276:11116:0204/125710.281:ERROR:service_manager.cc(157)] Connection InterfaceProviderSpec prevented service: content_renderer from binding interface: blink::mojom::ReportingServiceProxy exposed by: content_browser
Feb 04, 2018 12:57:13.86 [2276:11116:0204/125713.865:ERROR:service_manager.cc(157)] Connection InterfaceProviderSpec prevented service: content_renderer from binding interface: blink::mojom::ReportingServiceProxy exposed by: content_browser
Feb 04, 2018 12:57:26.86 [2276:11116:0204/125726.861:ERROR:service_manager.cc(157)] Connection InterfaceProviderSpec prevented service: content_renderer from binding interface: blink::mojom::ReportingServiceProxy exposed by: content_browser
Feb 04, 2018 12:57:30.10 [2276:11116:0204/125730.105:ERROR:service_manager.cc(157)] Connection InterfaceProviderSpec prevented service: content_renderer from binding interface: blink::mojom::ReportingServiceProxy exposed by: content_browser
Feb 04, 2018 12:58:01.00 [2276:11116:0204/125801.005:ERROR:process_metrics.cc(105)] NOT IMPLEMENTED
Feb 04, 2018 12:58:01.01 [2276:11116:0204/125801.005:ERROR:process_metrics.cc(105)] NOT IMPLEMENTED
Feb 04, 2018 12:58:01.01 [2276:11116:0204/125801.005:ERROR:process_metrics.cc(105)] NOT IMPLEMENTED
Feb 04, 2018 12:59:23.21 [2276:11116:0204/125923.218:ERROR:service_manager.cc(157)] Connection InterfaceProviderSpec prevented service: content_renderer from binding interface: blink::mojom::ReportingServiceProxy exposed by: content_browser
Feb 04, 2018 13:00:01.00 [2276:11116:0204/130001.007:ERROR:process_metrics.cc(105)] NOT IMPLEMENTED
Feb 04, 2018 13:00:01.01 [2276:11116:0204/130001.007:ERROR:process_metrics.cc(105)] NOT IMPLEMENTED
Feb 04, 2018 13:00:01.04 [2276:11116:0204/130001.008:ERROR:process_metrics.cc(105)] NOT IMPLEMENTED
Feb 04, 2018 13:00:01.05 [2276:11116:0204/130001.008:ERROR:process_metrics.cc(105)] NOT IMPLEMENTED
Feb 04, 2018 13:02:01.02 [2276:11116:0204/130201.019:ERROR:process_metrics.cc(105)] NOT IMPLEMENTED
Feb 04, 2018 13:02:01.02 [2276:11116:0204/130201.020:ERROR:process_metrics.cc(105)] NOT IMPLEMENTED
Feb 04, 2018 13:02:01.03 [2276:11116:0204/130201.020:ERROR:process_metrics.cc(105)] NOT IMPLEMENTED
Feb 04, 2018 13:04:01.03 [2276:11116:0204/130401.035:ERROR:process_metrics.cc(105)] NOT IMPLEMENTED
Feb 04, 2018 13:04:01.04 [2276:11116:0204/130401.035:ERROR:process_metrics.cc(105)] NOT IMPLEMENTED
Feb 04, 2018 13:04:01.05 [2276:11116:0204/130401.036:ERROR:process_metrics.cc(105)] NOT IMPLEMENTED
Feb 04, 2018 13:06:01.04 [2276:11116:0204/130601.043:ERROR:process_metrics.cc(105)] NOT IMPLEMENTED
Feb 04, 2018 13:06:01.04 [2276:11116:0204/130601.043:ERROR:process_metrics.cc(105)] NOT IMPLEMENTED
Feb 04, 2018 13:06:01.06 [2276:11116:0204/130601.043:ERROR:process_metrics.cc(105)] NOT IMPLEMENTED
Feb 04, 2018 13:06:01.08 [2276:11116:0204/130601.043:ERROR:process_metrics.cc(105)] NOT IMPLEMENTED
Feb 04, 2018 13:08:01.05 [2276:11116:0204/130801.050:ERROR:process_metrics.cc(105)] NOT IMPLEMENTED
Feb 04, 2018 13:08:01.05 [2276:11116:0204/130801.050:ERROR:process_metrics.cc(105)] NOT IMPLEMENTED
Feb 04, 2018 13:08:01.06 [2276:11116:0204/130801.050:ERROR:process_metrics.cc(105)] NOT IMPLEMENTED
Feb 04, 2018 13:10:01.05 [2276:11116:0204/131001.052:ERROR:process_metrics.cc(105)] NOT IMPLEMENTED
Feb 04, 2018 13:10:01.06 [2276:11116:0204/131001.052:ERROR:process_metrics.cc(105)] NOT IMPLEMENTED
Feb 04, 2018 13:10:01.07 [2276:11116:0204/131001.052:ERROR:process_metrics.cc(105)] NOT IMPLEMENTED
Feb 04, 2018 13:10:01.08 [2276:11116:0204/131001.052:ERROR:process_metrics.cc(105)] NOT IMPLEMENTED
Feb 04, 2018 13:10:01.09 [2276:11116:0204/131001.052:ERROR:process_metrics.cc(105)] NOT IMPLEMENTED
Feb 04, 2018 13:10:34.56 [2276:11116:0204/131034.562:ERROR:service_manager.cc(157)] Connection InterfaceProviderSpec prevented service: content_renderer from binding interface: blink::mojom::ReportingServiceProxy exposed by: content_browser
Feb 04, 2018 13:10:39.76 [2276:11116:0204/131039.768:ERROR:service_manager.cc(157)] Connection InterfaceProviderSpec prevented service: content_renderer from binding interface: blink::mojom::ReportingServiceProxy exposed by: content_browser
Feb 04, 2018 13:12:01.05 [2276:11116:0204/131201.053:ERROR:process_metrics.cc(105)] NOT IMPLEMENTED
Feb 04, 2018 13:12:01.06 [2276:11116:0204/131201.053:ERROR:process_metrics.cc(105)] NOT IMPLEMENTED
Feb 04, 2018 13:12:01.06 [2276:11116:0204/131201.053:ERROR:process_metrics.cc(105)] NOT IMPLEMENTED
Feb 04, 2018 13:12:01.07 [2276:11116:0204/131201.053:ERROR:process_metrics.cc(105)] NOT IMPLEMENTED
Feb 04, 2018 13:12:01.09 [2276:11116:0204/131201.053:ERROR:process_metrics.cc(105)] NOT IMPLEMENTED
Feb 04, 2018 13:12:01.11 [2276:11116:0204/131201.053:ERROR:process_metrics.cc(105)] NOT IMPLEMENTED
Feb 04, 2018 13:13:12.66 [2276:11116:0204/131312.660:ERROR:service_manager.cc(157)] Connection InterfaceProviderSpec prevented service: content_renderer from binding interface: blink::mojom::ReportingServiceProxy exposed by: content_browser
Feb 04, 2018 13:13:16.22 [2276:11116:0204/131316.225:ERROR:service_manager.cc(157)] Connection InterfaceProviderSpec prevented service: content_renderer from binding interface: blink::mojom::ReportingServiceProxy exposed by: content_browser
Feb 04, 2018 13:14:01.05 [2276:11116:0204/131401.054:ERROR:process_metrics.cc(105)] NOT IMPLEMENTED
Feb 04, 2018 13:14:01.06 [2276:11116:0204/131401.054:ERROR:process_metrics.cc(105)] NOT IMPLEMENTED
Feb 04, 2018 13:14:01.08 [2276:11116:0204/131401.055:ERROR:process_metrics.cc(105)] NOT IMPLEMENTED
Feb 04, 2018 13:14:01.09 [2276:11116:0204/131401.055:ERROR:process_metrics.cc(105)] NOT IMPLEMENTED
Feb 04, 2018 13:14:01.10 [2276:11116:0204/131401.055:ERROR:process_metrics.cc(105)] NOT IMPLEMENTED
Feb 04, 2018 13:16:01.05 [2276:11116:0204/131601.056:ERROR:process_metrics.cc(105)] NOT IMPLEMENTED
Feb 04, 2018 13:16:01.10 [2276:11116:0204/131601.056:ERROR:process_metrics.cc(105)] NOT IMPLEMENTED
Feb 04, 2018 13:16:01.11 [2276:11116:0204/131601.056:ERROR:process_metrics.cc(105)] NOT IMPLEMENTED
Feb 04, 2018 13:16:01.12 [2276:11116:0204/131601.056:ERROR:process_metrics.cc(105)] NOT IMPLEMENTED
Feb 04, 2018 13:16:01.13 [2276:11116:0204/131601.056:ERROR:process_metrics.cc(105)] NOT IMPLEMENTED
Feb 04, 2018 13:18:01.05 [2276:11116:0204/131801.058:ERROR:process_metrics.cc(105)] NOT IMPLEMENTED
Feb 04, 2018 13:18:01.09 [2276:11116:0204/131801.058:ERROR:process_metrics.cc(105)] NOT IMPLEMENTED
Feb 04, 2018 13:18:01.09 [2276:11116:0204/131801.058:ERROR:process_metrics.cc(105)] NOT IMPLEMENTED
Feb 04, 2018 13:18:01.10 [2276:11116:0204/131801.058:ERROR:process_metrics.cc(105)] NOT IMPLEMENTED
Feb 04, 2018 13:18:01.11 [2276:11116:0204/131801.058:ERROR:process_metrics.cc(105)] NOT IMPLEMENTED
Feb 04, 2018 13:20:01.05 [2276:11116:0204/132001.059:ERROR:process_metrics.cc(105)] NOT IMPLEMENTED
Feb 04, 2018 13:20:01.11 [2276:11116:0204/132001.059:ERROR:process_metrics.cc(105)] NOT IMPLEMENTED
Feb 04, 2018 13:20:01.12 [2276:11116:0204/132001.059:ERROR:process_metrics.cc(105)] NOT IMPLEMENTED
Feb 04, 2018 13:20:01.13 [2276:11116:0204/132001.059:ERROR:process_metrics.cc(105)] NOT IMPLEMENTED
Feb 04, 2018 13:20:01.13 [2276:11116:0204/132001.059:ERROR:process_metrics.cc(105)] NOT IMPLEMENTED
Feb 04, 2018 13:21:45.17 [2276:11116:0204/132145.177:ERROR:service_manager.cc(157)] Connection InterfaceProviderSpec prevented service: content_renderer from binding interface: blink::mojom::ReportingServiceProxy exposed by: content_browser
Feb 04, 2018 13:21:50.77 [2276:11116:0204/132150.775:ERROR:service_manager.cc(157)] Connection InterfaceProviderSpec prevented service: content_renderer from binding interface: blink::mojom::ReportingServiceProxy exposed by: content_browser
Feb 04, 2018 13:21:57.14 [2276:11116:0204/132157.143:ERROR:service_manager.cc(157)] Connection InterfaceProviderSpec prevented service: content_renderer from binding interface: blink::mojom::ReportingServiceProxy exposed by: content_browser
Feb 04, 2018 13:22:01.06 [2276:11116:0204/132201.061:ERROR:process_metrics.cc(105)] NOT IMPLEMENTED
Feb 04, 2018 13:22:01.10 [2276:11116:0204/132201.061:ERROR:process_metrics.cc(105)] NOT IMPLEMENTED
Feb 04, 2018 13:22:01.11 [2276:11116:0204/132201.061:ERROR:process_metrics.cc(105)] NOT IMPLEMENTED
Feb 04, 2018 13:22:01.12 [2276:11116:0204/132201.061:ERROR:process_metrics.cc(105)] NOT IMPLEMENTED
Feb 04, 2018 13:22:01.15 [2276:11116:0204/132201.061:ERROR:process_metrics.cc(105)] NOT IMPLEMENTED
Feb 04, 2018 13:22:01.16 [2276:11116:0204/132201.061:ERROR:process_metrics.cc(105)] NOT IMPLEMENTED
Feb 04, 2018 13:22:01.30 [2276:11116:0204/132201.308:ERROR:service_manager.cc(157)] Connection InterfaceProviderSpec prevented service: content_renderer from binding interface: blink::mojom::ReportingServiceProxy exposed by: content_browser
Feb 04, 2018 13:22:47.19 [2276:11116:0204/132247.191:ERROR:service_manager.cc(157)] Connection InterfaceProviderSpec prevented service: content_renderer from binding interface: blink::mojom::ReportingServiceProxy exposed by: content_browser
Feb 04, 2018 13:22:50.59 [2276:11116:0204/132250.590:ERROR:service_manager.cc(157)] Connection InterfaceProviderSpec prevented service: content_renderer from binding interface: blink::mojom::ReportingServiceProxy exposed by: content_browser
Feb 04, 2018 13:22:54.67 [2276:11116:0204/132254.669:ERROR:service_manager.cc(157)] Connection InterfaceProviderSpec prevented service: content_renderer from binding interface: blink::mojom::ReportingServiceProxy exposed by: content_browser
Feb 04, 2018 13:23:42.52 [2276:11116:0204/132342.520:ERROR:service_manager.cc(157)] Connection InterfaceProviderSpec prevented service: content_renderer from binding interface: blink::mojom::ReportingServiceProxy exposed by: content_browser
Feb 04, 2018 13:23:45.81 [2276:11116:0204/132345.815:ERROR:service_manager.cc(157)] Connection InterfaceProviderSpec prevented service: content_renderer from binding interface: blink::mojom::ReportingServiceProxy exposed by: content_browser
Feb 04, 2018 13:24:01.06 [2276:11116:0204/132401.063:ERROR:process_metrics.cc(105)] NOT IMPLEMENTED
Feb 04, 2018 13:24:01.07 [2276:11116:0204/132401.063:ERROR:process_metrics.cc(105)] NOT IMPLEMENTED
Feb 04, 2018 13:24:01.08 [2276:11116:0204/132401.063:ERROR:process_metrics.cc(105)] NOT IMPLEMENTED
Feb 04, 2018 13:24:01.09 [2276:11116:0204/132401.063:ERROR:process_metrics.cc(105)] NOT IMPLEMENTED
Feb 04, 2018 13:24:01.09 [2276:11116:0204/132401.063:ERROR:process_metrics.cc(105)] NOT IMPLEMENTED
Feb 04, 2018 13:24:01.10 [2276:11116:0204/132401.063:ERROR:process_metrics.cc(105)] NOT IMPLEMENTED
Feb 04, 2018 13:24:06.59 [2276:11116:0204/132406.597:ERROR:service_manager.cc(157)] Connection InterfaceProviderSpec prevented service: content_renderer from binding interface: blink::mojom::ReportingServiceProxy exposed by: content_browser
Feb 04, 2018 13:24:09.63 [2276:11116:0204/132409.631:ERROR:service_manager.cc(157)] Connection InterfaceProviderSpec prevented service: content_renderer from binding interface: blink::mojom::ReportingServiceProxy exposed by: content_browser
Feb 04, 2018 13:24:35.42 [2276:11116:0204/132435.419:ERROR:service_manager.cc(157)] Connection InterfaceProviderSpec prevented service: content_renderer from binding interface: blink::mojom::ReportingServiceProxy exposed by: content_browser
Feb 04, 2018 13:24:38.31 [2276:11116:0204/132438.316:ERROR:service_manager.cc(157)] Connection InterfaceProviderSpec prevented service: content_renderer from binding interface: blink::mojom::ReportingServiceProxy exposed by: content_browser
Feb 04, 2018 13:25:05.37 [2276:11116:0204/132505.369:ERROR:service_manager.cc(157)] Connection InterfaceProviderSpec prevented service: content_renderer from binding interface: blink::mojom::ReportingServiceProxy exposed by: content_browser
Feb 04, 2018 13:25:08.07 [2276:11116:0204/132508.072:ERROR:service_manager.cc(157)] Connection InterfaceProviderSpec prevented service: content_renderer from binding interface: blink::mojom::ReportingServiceProxy exposed by: content_browser
Feb 04, 2018 13:25:28.04 [2276:11116:0204/132528.047:ERROR:service_manager.cc(157)] Connection InterfaceProviderSpec prevented service: content_renderer from binding interface: blink::mojom::ReportingServiceProxy exposed by: content_browser
Feb 04, 2018 13:25:32.81 [2276:11116:0204/132532.816:ERROR:service_manager.cc(157)] Connection InterfaceProviderSpec prevented service: content_renderer from binding interface: blink::mojom::ReportingServiceProxy exposed by: content_browser
Feb 04, 2018 13:25:46.91 [2276:11116:0204/132546.910:ERROR:service_manager.cc(157)] Connection InterfaceProviderSpec prevented service: content_renderer from binding interface: blink::mojom::ReportingServiceProxy exposed by: content_browser
Feb 04, 2018 13:26:01.06 [2276:11116:0204/132601.063:ERROR:process_metrics.cc(105)] NOT IMPLEMENTED
Feb 04, 2018 13:26:01.10 [2276:11116:0204/132601.063:ERROR:process_metrics.cc(105)] NOT IMPLEMENTED
Feb 04, 2018 13:26:01.12 [2276:11116:0204/132601.064:ERROR:process_metrics.cc(105)] NOT IMPLEMENTED
Feb 04, 2018 13:26:01.14 [2276:11116:0204/132601.064:ERROR:process_metrics.cc(105)] NOT IMPLEMENTED
Feb 04, 2018 13:26:01.15 [2276:11116:0204/132601.064:ERROR:process_metrics.cc(105)] NOT IMPLEMENTED
Feb 04, 2018 13:28:01.06 [2276:11116:0204/132801.069:ERROR:process_metrics.cc(105)] NOT IMPLEMENTED
Feb 04, 2018 13:28:01.08 [2276:11116:0204/132801.069:ERROR:process_metrics.cc(105)] NOT IMPLEMENTED
Feb 04, 2018 13:30:01.08 [2276:11116:0204/133001.082:ERROR:process_metrics.cc(105)] NOT IMPLEMENTED
Feb 04, 2018 13:30:01.11 [2276:11116:0204/133001.082:ERROR:process_metrics.cc(105)] NOT IMPLEMENTED
Feb 04, 2018 13:30:01.12 [2276:11116:0204/133001.082:ERROR:process_metrics.cc(105)] NOT IMPLEMENTED
Feb 04, 2018 13:32:01.08 [2276:11116:0204/133201.087:ERROR:process_metrics.cc(105)] NOT IMPLEMENTED
Feb 04, 2018 13:32:01.15 [2276:11116:0204/133201.087:ERROR:process_metrics.cc(105)] NOT IMPLEMENTED
Feb 04, 2018 13:32:01.16 [2276:11116:0204/133201.087:ERROR:process_metrics.cc(105)] NOT IMPLEMENTED
Feb 04, 2018 13:32:01.17 [2276:11116:0204/133201.087:ERROR:process_metrics.cc(105)] NOT IMPLEMENTED
Feb 04, 2018 13:34:01.13 [2276:11116:0204/133401.100:ERROR:process_metrics.cc(105)] NOT IMPLEMENTED
Feb 04, 2018 13:34:01.17 [2276:11116:0204/133401.100:ERROR:process_metrics.cc(105)] NOT IMPLEMENTED
Feb 04, 2018 13:34:01.18 [2276:11116:0204/133401.100:ERROR:process_metrics.cc(105)] NOT IMPLEMENTED
Feb 04, 2018 13:34:01.18 [2276:11116:0204/133401.100:ERROR:process_metrics.cc(105)] NOT IMPLEMENTED
Feb 04, 2018 13:36:01.10 [2276:11116:0204/133601.101:ERROR:process_metrics.cc(105)] NOT IMPLEMENTED
Feb 04, 2018 13:36:01.14 [2276:11116:0204/133601.101:ERROR:process_metrics.cc(105)] NOT IMPLEMENTED
Feb 04, 2018 13:36:01.15 [2276:11116:0204/133601.101:ERROR:process_metrics.cc(105)] NOT IMPLEMENTED
Feb 04, 2018 13:36:01.16 [2276:11116:0204/133601.101:ERROR:process_metrics.cc(105)] NOT IMPLEMENTED
Feb 04, 2018 13:38:01.11 [2276:11116:0204/133801.112:ERROR:process_metrics.cc(105)] NOT IMPLEMENTED
Feb 04, 2018 13:38:01.11 [2276:11116:0204/133801.112:ERROR:process_metrics.cc(105)] NOT IMPLEMENTED
Feb 04, 2018 13:38:01.12 [2276:11116:0204/133801.112:ERROR:process_metrics.cc(105)] NOT IMPLEMENTED
Feb 04, 2018 13:38:01.13 [2276:11116:0204/133801.112:ERROR:process_metrics.cc(105)] NOT IMPLEMENTED
Feb 04, 2018 13:40:01.12 [2276:11116:0204/134001.126:ERROR:process_metrics.cc(105)] NOT IMPLEMENTED
Feb 04, 2018 13:40:01.13 [2276:11116:0204/134001.126:ERROR:process_metrics.cc(105)] NOT IMPLEMENTED
Feb 04, 2018 13:40:01.13 [2276:11116:0204/134001.126:ERROR:process_metrics.cc(105)] NOT IMPLEMENTED
Feb 04, 2018 13:40:01.14 [2276:11116:0204/134001.126:ERROR:process_metrics.cc(105)] NOT IMPLEMENTED
Feb 04, 2018 13:42:01.12 [2276:11116:0204/134201.127:ERROR:process_metrics.cc(105)] NOT IMPLEMENTED
Feb 04, 2018 13:42:01.13 [2276:11116:0204/134201.127:ERROR:process_metrics.cc(105)] NOT IMPLEMENTED
Feb 04, 2018 13:42:01.14 [2276:11116:0204/134201.127:ERROR:process_metrics.cc(105)] NOT IMPLEMENTED
Feb 04, 2018 13:42:01.15 [2276:11116:0204/134201.127:ERROR:process_metrics.cc(105)] NOT IMPLEMENTED
Feb 04, 2018 13:42:01.16 [2276:11116:0204/134201.127:ERROR:process_metrics.cc(105)] NOT IMPLEMENTED
Feb 04, 2018 13:42:36.42 [2276:11116:0204/134236.425:ERROR:service_manager.cc(157)] Connection InterfaceProviderSpec prevented service: content_renderer from binding interface: blink::mojom::ReportingServiceProxy exposed by: content_browser
Feb 04, 2018 13:44:01.12 [2276:11116:0204/134401.128:ERROR:process_metrics.cc(105)] NOT IMPLEMENTED
Feb 04, 2018 13:44:01.15 [2276:11116:0204/134401.128:ERROR:process_metrics.cc(105)] NOT IMPLEMENTED
Feb 04, 2018 13:44:01.16 [2276:11116:0204/134401.128:ERROR:process_metrics.cc(105)] NOT IMPLEMENTED
Feb 04, 2018 13:44:01.17 [2276:11116:0204/134401.128:ERROR:process_metrics.cc(105)] NOT IMPLEMENTED
Feb 04, 2018 13:44:01.18 [2276:11116:0204/134401.128:ERROR:process_metrics.cc(105)] NOT IMPLEMENTED
Feb 04, 2018 13:46:01.13 [2276:11116:0204/134601.130:ERROR:process_metrics.cc(105)] NOT IMPLEMENTED
Feb 04, 2018 13:46:01.13 [2276:11116:0204/134601.131:ERROR:process_metrics.cc(105)] NOT IMPLEMENTED
Feb 04, 2018 13:46:01.14 [2276:11116:0204/134601.131:ERROR:process_metrics.cc(105)] NOT IMPLEMENTED
Feb 04, 2018 13:46:01.14 [2276:11116:0204/134601.131:ERROR:process_metrics.cc(105)] NOT IMPLEMENTED
Feb 04, 2018 13:48:01.13 [2276:11116:0204/134801.138:ERROR:process_metrics.cc(105)] NOT IMPLEMENTED
Feb 04, 2018 13:48:01.13 [2276:11116:0204/134801.138:ERROR:process_metrics.cc(105)] NOT IMPLEMENTED
Feb 04, 2018 13:48:01.15 [2276:11116:0204/134801.138:ERROR:process_metrics.cc(105)] NOT IMPLEMENTED
Feb 04, 2018 13:48:01.16 [2276:11116:0204/134801.138:ERROR:process_metrics.cc(105)] NOT IMPLEMENTED
Feb 04, 2018 13:50:01.14 [2276:11116:0204/135001.147:ERROR:process_metrics.cc(105)] NOT IMPLEMENTED
Feb 04, 2018 13:50:01.14 [2276:11116:0204/135001.147:ERROR:process_metrics.cc(105)] NOT IMPLEMENTED
Feb 04, 2018 13:50:01.16 [2276:11116:0204/135001.147:ERROR:process_metrics.cc(105)] NOT IMPLEMENTED
Feb 04, 2018 13:50:01.17 [2276:11116:0204/135001.147:ERROR:process_metrics.cc(105)] NOT IMPLEMENTED
Feb 04, 2018 13:52:01.14 [2276:11116:0204/135201.148:ERROR:process_metrics.cc(105)] NOT IMPLEMENTED
Feb 04, 2018 13:52:01.14 [2276:11116:0204/135201.148:ERROR:process_metrics.cc(105)] NOT IMPLEMENTED
Feb 04, 2018 13:52:01.16 [2276:11116:0204/135201.148:ERROR:process_metrics.cc(105)] NOT IMPLEMENTED
Feb 04, 2018 13:52:01.16 [2276:11116:0204/135201.148:ERROR:process_metrics.cc(105)] NOT IMPLEMENTED
Feb 04, 2018 13:54:01.16 [2276:11116:0204/135401.163:ERROR:process_metrics.cc(105)] NOT IMPLEMENTED
Feb 04, 2018 13:54:01.16 [2276:11116:0204/135401.163:ERROR:process_metrics.cc(105)] NOT IMPLEMENTED
Feb 04, 2018 13:54:01.17 [2276:11116:0204/135401.163:ERROR:process_metrics.cc(105)] NOT IMPLEMENTED
Feb 04, 2018 13:54:01.19 [2276:11116:0204/135401.163:ERROR:process_metrics.cc(105)] NOT IMPLEMENTED
Feb 04, 2018 13:56:01.17 [2276:11116:0204/135601.179:ERROR:process_metrics.cc(105)] NOT IMPLEMENTED
Feb 04, 2018 13:56:01.17 [2276:11116:0204/135601.179:ERROR:process_metrics.cc(105)] NOT IMPLEMENTED
Feb 04, 2018 13:56:01.20 [2276:11116:0204/135601.179:ERROR:process_metrics.cc(105)] NOT IMPLEMENTED
Feb 04, 2018 13:56:01.21 [2276:11116:0204/135601.179:ERROR:process_metrics.cc(105)] NOT IMPLEMENTED
Feb 04, 2018 13:58:01.20 [2276:11116:0204/135801.201:ERROR:process_metrics.cc(105)] NOT IMPLEMENTED
Feb 04, 2018 13:58:01.21 [2276:11116:0204/135801.201:ERROR:process_metrics.cc(105)] NOT IMPLEMENTED
Feb 04, 2018 13:58:01.23 [2276:11116:0204/135801.201:ERROR:process_metrics.cc(105)] NOT IMPLEMENTED
Feb 04, 2018 13:58:01.23 [2276:11116:0204/135801.201:ERROR:process_metrics.cc(105)] NOT IMPLEMENTED
Feb 04, 2018 14:00:01.21 [2276:11116:0204/140001.212:ERROR:process_metrics.cc(105)] NOT IMPLEMENTED
Feb 04, 2018 14:00:01.21 [2276:11116:0204/140001.212:ERROR:process_metrics.cc(105)] NOT IMPLEMENTED
Feb 04, 2018 14:00:01.22 [2276:11116:0204/140001.212:ERROR:process_metrics.cc(105)] NOT IMPLEMENTED
Feb 04, 2018 14:00:01.24 [2276:11116:0204/140001.212:ERROR:process_metrics.cc(105)] NOT IMPLEMENTED
Feb 04, 2018 14:02:01.22 [2276:11116:0204/140201.222:ERROR:process_metrics.cc(105)] NOT IMPLEMENTED
Feb 04, 2018 14:02:01.22 [2276:11116:0204/140201.222:ERROR:process_metrics.cc(105)] NOT IMPLEMENTED
Feb 04, 2018 14:02:01.24 [2276:11116:0204/140201.222:ERROR:process_metrics.cc(105)] NOT IMPLEMENTED
Feb 04, 2018 14:02:01.24 [2276:11116:0204/140201.222:ERROR:process_metrics.cc(105)] NOT IMPLEMENTED
Feb 04, 2018 14:04:01.23 [2276:11116:0204/140401.231:ERROR:process_metrics.cc(105)] NOT IMPLEMENTED
Feb 04, 2018 14:04:01.23 [2276:11116:0204/140401.231:ERROR:process_metrics.cc(105)] NOT IMPLEMENTED
Feb 04, 2018 14:04:01.25 [2276:11116:0204/140401.231:ERROR:process_metrics.cc(105)] NOT IMPLEMENTED
Feb 04, 2018 14:04:01.26 [2276:11116:0204/140401.231:ERROR:process_metrics.cc(105)] NOT IMPLEMENTED
Feb 04, 2018 14:06:01.23 [2276:11116:0204/140601.238:ERROR:process_metrics.cc(105)] NOT IMPLEMENTED
Feb 04, 2018 14:06:01.23 [2276:11116:0204/140601.238:ERROR:process_metrics.cc(105)] NOT IMPLEMENTED
Feb 04, 2018 14:06:01.26 [2276:11116:0204/140601.238:ERROR:process_metrics.cc(105)] NOT IMPLEMENTED
Feb 04, 2018 14:06:01.27 [2276:11116:0204/140601.238:ERROR:process_metrics.cc(105)] NOT IMPLEMENTED
Feb 04, 2018 14:08:01.25 [2276:11116:0204/140801.253:ERROR:process_metrics.cc(105)] NOT IMPLEMENTED
Feb 04, 2018 14:08:01.25 [2276:11116:0204/140801.253:ERROR:process_metrics.cc(105)] NOT IMPLEMENTED
Feb 04, 2018 14:08:01.26 [2276:11116:0204/140801.253:ERROR:process_metrics.cc(105)] NOT IMPLEMENTED
Feb 04, 2018 14:08:01.27 [2276:11116:0204/140801.253:ERROR:process_metrics.cc(105)] NOT IMPLEMENTED
Feb 04, 2018 14:10:01.25 [2276:11116:0204/141001.255:ERROR:process_metrics.cc(105)] NOT IMPLEMENTED
Feb 04, 2018 14:10:01.27 [2276:11116:0204/141001.255:ERROR:process_metrics.cc(105)] NOT IMPLEMENTED
Feb 04, 2018 14:10:01.27 [2276:11116:0204/141001.255:ERROR:process_metrics.cc(105)] NOT IMPLEMENTED
Feb 04, 2018 14:10:01.28 [2276:11116:0204/141001.255:ERROR:process_metrics.cc(105)] NOT IMPLEMENTED
Feb 04, 2018 14:12:01.25 [2276:11116:0204/141201.258:ERROR:process_metrics.cc(105)] NOT IMPLEMENTED
Feb 04, 2018 14:12:01.25 [2276:11116:0204/141201.258:ERROR:process_metrics.cc(105)] NOT IMPLEMENTED
Feb 04, 2018 14:12:01.28 [2276:11116:0204/141201.258:ERROR:process_metrics.cc(105)] NOT IMPLEMENTED
Feb 04, 2018 14:12:01.28 [2276:11116:0204/141201.258:ERROR:process_metrics.cc(105)] NOT IMPLEMENTED
Feb 04, 2018 14:14:01.26 [2276:11116:0204/141401.267:ERROR:process_metrics.cc(105)] NOT IMPLEMENTED
Feb 04, 2018 14:14:01.27 [2276:11116:0204/141401.267:ERROR:process_metrics.cc(105)] NOT IMPLEMENTED
Feb 04, 2018 14:14:01.28 [2276:11116:0204/141401.267:ERROR:process_metrics.cc(105)] NOT IMPLEMENTED
Feb 04, 2018 14:14:01.30 [2276:11116:0204/141401.267:ERROR:process_metrics.cc(105)] NOT IMPLEMENTED
Feb 04, 2018 14:16:01.26 [2276:11116:0204/141601.267:ERROR:process_metrics.cc(105)] NOT IMPLEMENTED
Feb 04, 2018 14:16:01.30 [2276:11116:0204/141601.267:ERROR:process_metrics.cc(105)] NOT IMPLEMENTED
Feb 04, 2018 14:16:01.32 [2276:11116:0204/141601.267:ERROR:process_metrics.cc(105)] NOT IMPLEMENTED
Feb 04, 2018 14:16:01.33 [2276:11116:0204/141601.267:ERROR:process_metrics.cc(105)] NOT IMPLEMENTED
Feb 04, 2018 14:16:01.35 [2276:11116:0204/141601.267:ERROR:process_metrics.cc(105)] NOT IMPLEMENTED
Feb 04, 2018 14:16:01.36 [2276:11116:0204/141601.267:ERROR:process_metrics.cc(105)] NOT IMPLEMENTED
Feb 04, 2018 14:18:01.27 [2276:11116:0204/141801.270:ERROR:process_metrics.cc(105)] NOT IMPLEMENTED
Feb 04, 2018 14:18:01.33 [2276:11116:0204/141801.270:ERROR:process_metrics.cc(105)] NOT IMPLEMENTED
Feb 04, 2018 14:18:01.35 [2276:11116:0204/141801.270:ERROR:process_metrics.cc(105)] NOT IMPLEMENTED
Feb 04, 2018 14:18:01.36 [2276:11116:0204/141801.270:ERROR:process_metrics.cc(105)] NOT IMPLEMENTED
Feb 04, 2018 14:18:01.38 [2276:11116:0204/141801.270:ERROR:process_metrics.cc(105)] NOT IMPLEMENTED
Feb 04, 2018 14:18:01.39 [2276:11116:0204/141801.270:ERROR:process_metrics.cc(105)] NOT IMPLEMENTED
Feb 04, 2018 14:20:01.27 [2276:11116:0204/142001.279:ERROR:process_metrics.cc(105)] NOT IMPLEMENTED
Feb 04, 2018 14:20:01.31 [2276:11116:0204/142001.279:ERROR:process_metrics.cc(105)] NOT IMPLEMENTED
Feb 04, 2018 14:20:01.33 [2276:11116:0204/142001.279:ERROR:process_metrics.cc(105)] NOT IMPLEMENTED
Feb 04, 2018 14:20:01.34 [2276:11116:0204/142001.279:ERROR:process_metrics.cc(105)] NOT IMPLEMENTED
Feb 04, 2018 14:20:01.34 [2276:11116:0204/142001.279:ERROR:process_metrics.cc(105)] NOT IMPLEMENTED
Feb 04, 2018 14:22:01.29 [2276:11116:0204/142201.294:ERROR:process_metrics.cc(105)] NOT IMPLEMENTED
Feb 04, 2018 14:22:01.30 [2276:11116:0204/142201.294:ERROR:process_metrics.cc(105)] NOT IMPLEMENTED
Feb 04, 2018 14:22:01.30 [2276:11116:0204/142201.294:ERROR:process_metrics.cc(105)] NOT IMPLEMENTED
Feb 04, 2018 14:22:01.31 [2276:11116:0204/142201.294:ERROR:process_metrics.cc(105)] NOT IMPLEMENTED
Feb 04, 2018 14:22:01.31 [2276:11116:0204/142201.294:ERROR:process_metrics.cc(105)] NOT IMPLEMENTED
Feb 04, 2018 14:24:01.30 [2276:11116:0204/142401.305:ERROR:process_metrics.cc(105)] NOT IMPLEMENTED
Feb 04, 2018 14:24:01.30 [2276:11116:0204/142401.305:ERROR:process_metrics.cc(105)] NOT IMPLEMENTED
Feb 04, 2018 14:24:01.32 [2276:11116:0204/142401.305:ERROR:process_metrics.cc(105)] NOT IMPLEMENTED
Feb 04, 2018 14:24:01.33 [2276:11116:0204/142401.305:ERROR:process_metrics.cc(105)] NOT IMPLEMENTED
Feb 04, 2018 14:24:01.33 [2276:11116:0204/142401.305:ERROR:process_metrics.cc(105)] NOT IMPLEMENTED
Feb 04, 2018 14:26:01.31 [2276:11116:0204/142601.316:ERROR:process_metrics.cc(105)] NOT IMPLEMENTED
Feb 04, 2018 14:26:01.37 [2276:11116:0204/142601.316:ERROR:process_metrics.cc(105)] NOT IMPLEMENTED
Feb 04, 2018 14:26:01.38 [2276:11116:0204/142601.316:ERROR:process_metrics.cc(105)] NOT IMPLEMENTED
Feb 04, 2018 14:26:01.40 [2276:11116:0204/142601.316:ERROR:process_metrics.cc(105)] NOT IMPLEMENTED
Feb 04, 2018 14:26:01.40 [2276:11116:0204/142601.316:ERROR:process_metrics.cc(105)] NOT IMPLEMENTED
Feb 04, 2018 14:28:01.31 [2276:11116:0204/142801.318:ERROR:process_metrics.cc(105)] NOT IMPLEMENTED
Feb 04, 2018 14:28:01.40 [2276:11116:0204/142801.318:ERROR:process_metrics.cc(105)] NOT IMPLEMENTED
Feb 04, 2018 14:28:01.42 [2276:11116:0204/142801.318:ERROR:process_metrics.cc(105)] NOT IMPLEMENTED
Feb 04, 2018 14:28:01.43 [2276:11116:0204/142801.318:ERROR:process_metrics.cc(105)] NOT IMPLEMENTED
Feb 04, 2018 14:28:01.43 [2276:11116:0204/142801.318:ERROR:process_metrics.cc(105)] NOT IMPLEMENTED

Feb 14, 2018 13:44:59.67 NEW SESSION
Feb 14, 2018 13:44:59.67 [1224:1768:0214/134459.670:ERROR:gcm_channel_status_request.cc(127)] GCM channel request failed.
Feb 14, 2018 13:45:27.02 [1224:1768:0214/134527.020:ERROR:gcm_channel_status_request.cc(127)] GCM channel request failed.
Feb 14, 2018 13:46:07.51 [1224:1768:0214/134607.516:ERROR:gcm_channel_status_request.cc(127)] GCM channel request failed.
Feb 14, 2018 13:47:58.67 [1224:1768:0214/134758.673:ERROR:gcm_channel_status_request.cc(127)] GCM channel request failed.
Feb 14, 2018 13:50:54.59 [1224:1768:0214/135054.595:ERROR:gcm_channel_status_request.cc(127)] GCM channel request failed.
Feb 14, 2018 13:58:06.86 [1224:1768:0214/135806.866:ERROR:gcm_channel_status_request.cc(127)] GCM channel request failed.
Feb 14, 2018 14:08:06.87 [1224:1768:0214/140806.871:ERROR:gcm_channel_status_request.cc(127)] GCM channel request failed.

Feb 16, 2018 13:31:13.79 NEW SESSION
Feb 16, 2018 13:31:13.79 [7724:9588:0216/133113.793:ERROR:gcm_channel_status_request.cc(127)] GCM channel request failed.
Feb 16, 2018 13:31:46.76 [7724:9588:0216/133146.760:ERROR:gcm_channel_status_request.cc(127)] GCM channel request failed.
Feb 16, 2018 13:32:37.54 [7724:9588:0216/133237.542:ERROR:gcm_channel_status_request.cc(127)] GCM channel request failed.
